<?xml version="1.0" encoding="UTF-8"?>
<!-- Generated by org.testng.reporters.JUnitXMLReporter -->
<testsuite ignored="1" hostname="192.168.1.4" failures="0" tests="2" name="API Tests" time="0.853" errors="0" timestamp="2026-02-23T00:00:35 IST">
  <testcase classname="api.tests.TokenTest" name="verifyTokenGeneration" time="0.002"/>
  <testcase classname="api.tests.SecuredApiTest" name="validateGetEventsAPI" time="0.845"/>
  <testcase classname="api.base.BaseTest" name="@BeforeSuite setup" time="0.0">
    <ignored/>
  </testcase> <!-- @BeforeSuite setup -->
</testsuite> <!-- API Tests -->
