<?xml version="1.0" encoding="UTF-8"?>
<testng-results ignored="0" total="2" passed="2" failed="0" skipped="0">
  <reporter-output>
  </reporter-output>
  <suite started-at="2026-02-23T00:00:28 IST" name="API Automation Suite" finished-at="2026-02-23T00:00:29 IST" duration-ms="853">
    <groups>
    </groups>
    <test started-at="2026-02-23T00:00:28 IST" name="API Tests" finished-at="2026-02-23T00:00:29 IST" duration-ms="853">
      <class name="api.tests.TokenTest">
        <test-method is-config="true" signature="setup()[pri:0, instance:api.tests.TokenTest@5b247367]" started-at="2026-02-23T00:00:27 IST" name="setup" finished-at="2026-02-23T00:00:28 IST" duration-ms="1705" status="PASS">
          <reporter-output>
          </reporter-output>
        </test-method> <!-- setup -->
        <test-method signature="verifyTokenGeneration()[pri:0, instance:api.tests.TokenTest@5b247367]" started-at="2026-02-23T00:00:28 IST" name="verifyTokenGeneration" finished-at="2026-02-23T00:00:28 IST" duration-ms="2" status="PASS">
          <reporter-output>
          </reporter-output>
        </test-method> <!-- verifyTokenGeneration -->
      </class> <!-- api.tests.TokenTest -->
      <class name="api.tests.SecuredApiTest">
        <test-method signature="validateGetEventsAPI()[pri:0, instance:api.tests.SecuredApiTest@6440112d]" started-at="2026-02-23T00:00:28 IST" name="validateGetEventsAPI" finished-at="2026-02-23T00:00:29 IST" duration-ms="845" status="PASS">
          <reporter-output>
          </reporter-output>
        </test-method> <!-- validateGetEventsAPI -->
      </class> <!-- api.tests.SecuredApiTest -->
    </test> <!-- API Tests -->
  </suite> <!-- API Automation Suite -->
</testng-results>
