<?xml version="1.0" encoding="UTF-8"?>
<testsuite xmlns:xsi="http://www.w3.org/2001/XMLSchema-instance" xsi:noNamespaceSchemaLocation="https://maven.apache.org/surefire/maven-surefire-plugin/xsd/surefire-test-report.xsd" version="3.0.2" name="TestSuite" time="4.813" tests="2" errors="0" skipped="0" failures="0" flakes="0">
  <properties>
[...]
</properties>
  <testcase name="verifyTokenGeneration" classname="api.tests.TokenTest" time="0.002">
    <system-out><![CDATA[Request method:	POST
Request URI:	https://ehes-qa-cmd.kimbal.io/token
Proxy:			<none>
Request params:	<none>
Query params:	<none>
Form params:	grant_type=password
				username=yash.jui@kimbal.io
				password=Aeiou7#ou
				client_id=BCITS_MDM
Path params:	<none>
Headers:		Accept=*/*
				Content-Type=application/x-www-form-urlencoded; charset=ISO-8859-1
Cookies:		<none>
Multiparts:		<none>
Body:			<none>
HTTP/1.1 200 OK
Date: Sun, 22 Feb 2026 17:02:19 GMT
Content-Type: application/json; charset=utf-8
Transfer-Encoding: chunked
Connection: keep-alive
Content-Encoding: gzip
Vary: Accept-Encoding
X-Content-Type-Options: nosniff
Strict-Transport-Security: max-age=31536000; includeSubDomains
X-Frame-Options: DENY
Content-Security-Policy: frame-ancestors 'none';

{
    "access_token": "eyJhbGciOiJIUzI1NiIsInR5cCI6IkpXVCJ9.eyJ1bmlxdWVfbmFtZSI6Inlhc2guanVpQGtpbWJhbC5pbyIsInJvbGUiOiJtZG0iLCJVc2VySWQiOiIxMzU2IiwiUm9sZUlkIjoiNiIsIlNlc3Npb25JZCI6ImY4Y2ExYThjLTFiZGQtNDhjMC1iNjg2LTY2ZGQ3MTEwMWJhNiIsIlByb2plY3RJZCI6IjEzIiwiR3JvdXBQcm9qZWN0aWQiOiIxMyw3IiwibmJmIjoxNzcxNzc5NzM5LCJleHAiOjE3NzE4NjYxMzksImlhdCI6MTc3MTc3OTczOSwiaXNzIjoiRUhFQVBJIiwiYXVkIjoiRUhFUyJ9.iiNmjjxbp-OjrgJocfOE6CNjriKoizVGw_tD5dRHV8w",
    "token_type": "bearer",
    "expires_in": 86399,
    "refresh_token": "eyJhbGciOiJIUzI1NiIsInR5cCI6IkpXVCJ9.eyJ1bmlxdWVfbmFtZSI6Inlhc2guanVpQGtpbWJhbC5pbyIsInJvbGUiOiJtZG0iLCJVc2VySWQiOiIxMzU2IiwiUm9sZUlkIjoiNiIsIlNlc3Npb25JZCI6ImY4Y2ExYThjLTFiZGQtNDhjMC1iNjg2LTY2ZGQ3MTEwMWJhNiIsIlByb2plY3RJZCI6IjEzIiwiR3JvdXBQcm9qZWN0aWQiOiIxMyw3IiwibmJmIjoxNzcxNzc5NzM5LCJleHAiOjE3NzE4NjYxMzksImlhdCI6MTc3MTc3OTczOSwiaXNzIjoiRUhFQVBJIiwiYXVkIjoiRUhFUyJ9.iiNmjjxbp-OjrgJocfOE6CNjriKoizVGw_tD5dRHV8w",
    "as:client_id": "BCITS_MDM",
    "userName": "yash.jui@kimbal.io",
    "userId": "1356",
    ".issued": "Sun, 22 Feb 2026 17:02:19 GMT",
    ".expires": "Mon, 23 Feb 2026 17:02:19 GMT"
}
Token Generated: eyJhbGciOiJIUzI1NiIsInR5cCI6IkpXVCJ9.eyJ1bmlxdWVfbmFtZSI6Inlhc2guanVpQGtpbWJhbC5pbyIsInJvbGUiOiJtZG0iLCJVc2VySWQiOiIxMzU2IiwiUm9sZUlkIjoiNiIsIlNlc3Npb25JZCI6ImY4Y2ExYThjLTFiZGQtNDhjMC1iNjg2LTY2ZGQ3MTEwMWJhNiIsIlByb2plY3RJZCI6IjEzIiwiR3JvdXBQcm9qZWN0aWQiOiIxMyw3IiwibmJmIjoxNzcxNzc5NzM5LCJleHAiOjE3NzE4NjYxMzksImlhdCI6MTc3MTc3OTczOSwiaXNzIjoiRUhFQVBJIiwiYXVkIjoiRUhFUyJ9.iiNmjjxbp-OjrgJocfOE6CNjriKoizVGw_tD5dRHV8w
]]></system-out>
    <system-err><![CDATA[SLF4J: Failed to load class "org.slf4j.impl.StaticLoggerBinder".
SLF4J: Defaulting to no-operation (NOP) logger implementation
SLF4J: See http://www.slf4j.org/codes.html#StaticLoggerBinder for further details.
]]></system-err>
  </testcase>
  <testcase name="validateGetEventsAPI" classname="api.tests.SecuredApiTest" time="2.91">
    <system-out><![CDATA[HTTP/1.1 200 OK
Date: Sun, 22 Feb 2026 17:02:22 GMT
Content-Type: application/json; charset=utf-8
Transfer-Encoding: chunked
Connection: keep-alive
Content-Encoding: gzip
Vary: Accept-Encoding
X-Content-Type-Options: nosniff
Strict-Transport-Security: max-age=31536000; includeSubDomains
X-Frame-Options: DENY
Content-Security-Policy: frame-ancestors 'none';

[
    {
        "hes": "Crystal",
        "slaId": 313740,
        "meterId": "AS9006838",
        "meterTimeStamp": "2026-01-08T22:32:18+00:00",
        "serverTimeStamp": "2026-01-08T22:32:24+00:00",
        "eventId": 302
    },
    {
        "hes": "Crystal",
        "slaId": 313742,
        "meterId": "AS9006838",
        "meterTimeStamp": "2026-01-08T22:35:19+00:00",
        "serverTimeStamp": "2026-01-08T22:35:25+00:00",
        "eventId": 301
    },
    {
        "hes": "Crystal",
        "slaId": 313805,
        "meterId": "AS9006838",
        "meterTimeStamp": "2026-01-08T23:05:18+00:00",
        "serverTimeStamp": "2026-01-08T23:05:24+00:00",
        "eventId": 302
    },
    {
        "hes": "Crystal",
        "slaId": 313820,
        "meterId": "AS9006838",
        "meterTimeStamp": "2026-01-08T23:08:19+00:00",
        "serverTimeStamp": "2026-01-08T23:08:25+00:00",
        "eventId": 301
    },
    {
        "hes": "Crystal",
        "slaId": 313834,
        "meterId": "AS9006838",
        "meterTimeStamp": "2026-01-08T23:11:38+00:00",
        "serverTimeStamp": "2026-01-08T23:11:44+00:00",
        "eventId": 302
    },
    {
        "hes": "Crystal",
        "slaId": 313848,
        "meterId": "AS9006838",
        "meterTimeStamp": "2026-01-08T23:14:39+00:00",
        "serverTimeStamp": "2026-01-08T23:14:45+00:00",
        "eventId": 301
    },
    {
        "hes": "Crystal",
        "slaId": 313860,
        "meterId": "AS9006838",
        "meterTimeStamp": "2026-01-08T23:17:58+00:00",
        "serverTimeStamp": "2026-01-08T23:18:04+00:00",
        "eventId": 302
    },
    {
        "hes": "Crystal",
        "slaId": 313876,
        "meterId": "AS9006838",
        "meterTimeStamp": "2026-01-08T23:20:59+00:00",
        "serverTimeStamp": "2026-01-08T23:21:05+00:00",
        "eventId": 301
    },
    {
        "hes": "Crystal",
        "slaId": 313886,
        "meterId": "AS9006838",
        "meterTimeStamp": "2026-01-08T23:24:18+00:00",
        "serverTimeStamp": "2026-01-08T23:24:24+00:00",
        "eventId": 302
    },
    {
        "hes": "Crystal",
        "slaId": 313897,
        "meterId": "AS9006838",
        "meterTimeStamp": "2026-01-08T23:27:19+00:00",
        "serverTimeStamp": "2026-01-08T23:27:25+00:00",
        "eventId": 301
    },
    {
        "hes": "Crystal",
        "slaId": 313907,
        "meterId": "AS9006838",
        "meterTimeStamp": "2026-01-08T23:30:38+00:00",
        "serverTimeStamp": "2026-01-08T23:30:44+00:00",
        "eventId": 302
    },
    {
        "hes": "Crystal",
        "slaId": 313915,
        "meterId": "AS9006838",
        "meterTimeStamp": "2026-01-08T23:33:39+00:00",
        "serverTimeStamp": "2026-01-08T23:33:45+00:00",
        "eventId": 301
    },
    {
        "hes": "Crystal",
        "slaId": 313926,
        "meterId": "AS9006838",
        "meterTimeStamp": "2026-01-08T23:36:58+00:00",
        "serverTimeStamp": "2026-01-08T23:37:04+00:00",
        "eventId": 302
    },
    {
        "hes": "Crystal",
        "slaId": 313931,
        "meterId": "AS9006838",
        "meterTimeStamp": "2026-01-08T23:39:59+00:00",
        "serverTimeStamp": "2026-01-08T23:40:05+00:00",
        "eventId": 301
    },
    {
        "hes": "Crystal",
        "slaId": 313978,
        "meterId": "AS9006838",
        "meterTimeStamp": "2026-01-09T00:09:59+00:00",
        "serverTimeStamp": "2026-01-09T00:10:05+00:00",
        "eventId": 302
    },
    {
        "hes": "Crystal",
        "slaId": 313991,
        "meterId": "AS9006838",
        "meterTimeStamp": "2026-01-09T00:13:00+00:00",
        "serverTimeStamp": "2026-01-09T00:13:06+00:00",
        "eventId": 301
    },
    {
        "hes": "Crystal",
        "slaId": 314001,
        "meterId": "AS9006838",
        "meterTimeStamp": "2026-01-09T00:16:19+00:00",
        "serverTimeStamp": "2026-01-09T00:16:25+00:00",
        "eventId": 302
    },
    {
        "hes": "Crystal",
        "slaId": 314012,
        "meterId": "AS9006838",
        "meterTimeStamp": "2026-01-09T00:19:20+00:00",
        "serverTimeStamp": "2026-01-09T00:19:26+00:00",
        "eventId": 301
    },
    {
        "hes": "Crystal",
        "slaId": 314020,
        "meterId": "AS9006838",
        "meterTimeStamp": "2026-01-09T00:22:39+00:00",
        "serverTimeStamp": "2026-01-09T00:22:45+00:00",
        "eventId": 302
    },
    {
        "hes": "Crystal",
        "slaId": 314029,
        "meterId": "AS9006838",
        "meterTimeStamp": "2026-01-09T00:25:40+00:00",
        "serverTimeStamp": "2026-01-09T00:25:46+00:00",
        "eventId": 301
    },
    {
        "hes": "Crystal",
        "slaId": 314041,
        "meterId": "AS9006838",
        "meterTimeStamp": "2026-01-09T00:28:59+00:00",
        "serverTimeStamp": "2026-01-09T00:29:05+00:00",
        "eventId": 302
    },
    {
        "hes": "Crystal",
        "slaId": 314049,
        "meterId": "AS9006838",
        "meterTimeStamp": "2026-01-09T00:32:00+00:00",
        "serverTimeStamp": "2026-01-09T00:32:06+00:00",
        "eventId": 301
    },
    {
        "hes": "Crystal",
        "slaId": 314060,
        "meterId": "AS9006838",
        "meterTimeStamp": "2026-01-09T00:35:19+00:00",
        "serverTimeStamp": "2026-01-09T00:35:25+00:00",
        "eventId": 302
    },
    {
        "hes": "Crystal",
        "slaId": 314072,
        "meterId": "AS9006838",
        "meterTimeStamp": "2026-01-09T00:38:20+00:00",
        "serverTimeStamp": "2026-01-09T00:38:26+00:00",
        "eventId": 301
    },
    {
        "hes": "Crystal",
        "slaId": 314083,
        "meterId": "AS9006838",
        "meterTimeStamp": "2026-01-09T00:41:39+00:00",
        "serverTimeStamp": "2026-01-09T00:41:45+00:00",
        "eventId": 302
    },
    {
        "hes": "Crystal",
        "slaId": 314096,
        "meterId": "AS9006838",
        "meterTimeStamp": "2026-01-09T00:44:40+00:00",
        "serverTimeStamp": "2026-01-09T00:44:46+00:00",
        "eventId": 301
    },
    {
        "hes": "Crystal",
        "slaId": 314130,
        "meterId": "AS9006534",
        "meterTimeStamp": "2025-09-18T12:45:55+00:00",
        "serverTimeStamp": "2026-01-09T01:00:38+00:00",
        "eventId": 69
    },
    {
        "hes": "Crystal",
        "slaId": 314131,
        "meterId": "AS9006534",
        "meterTimeStamp": "2025-12-23T14:33:33+00:00",
        "serverTimeStamp": "2026-01-09T01:00:55+00:00",
        "eventId": 166
    },
    {
        "hes": "Crystal",
        "slaId": 314132,
        "meterId": "AS9006534",
        "meterTimeStamp": "2025-12-23T14:31:54+00:00",
        "serverTimeStamp": "2026-01-09T01:00:55+00:00",
        "eventId": 166
    },
    {
        "hes": "Crystal",
        "slaId": 314133,
        "meterId": "AS9006534",
        "meterTimeStamp": "2025-12-23T14:35:10+00:00",
        "serverTimeStamp": "2026-01-09T01:00:55+00:00",
        "eventId": 166
    },
    {
        "hes": "Crystal",
        "slaId": 314134,
        "meterId": "AS9006534",
        "meterTimeStamp": "2025-12-23T14:36:49+00:00",
        "serverTimeStamp": "2026-01-09T01:00:55+00:00",
        "eventId": 166
    },
    {
        "hes": "Crystal",
        "slaId": 314135,
        "meterId": "AS9006534",
        "meterTimeStamp": "2025-12-23T14:38:26+00:00",
        "serverTimeStamp": "2026-01-09T01:00:55+00:00",
        "eventId": 166
    },
    {
        "hes": "Crystal",
        "slaId": 314136,
        "meterId": "AS9006534",
        "meterTimeStamp": "2025-12-23T14:40:03+00:00",
        "serverTimeStamp": "2026-01-09T01:00:55+00:00",
        "eventId": 166
    },
    {
        "hes": "Crystal",
        "slaId": 314137,
        "meterId": "AS9006534",
        "meterTimeStamp": "2025-12-23T14:41:42+00:00",
        "serverTimeStamp": "2026-01-09T01:00:55+00:00",
        "eventId": 166
    },
    {
        "hes": "Crystal",
        "slaId": 314138,
        "meterId": "AS9006534",
        "meterTimeStamp": "2025-12-23T14:43:19+00:00",
        "serverTimeStamp": "2026-01-09T01:00:55+00:00",
        "eventId": 166
    },
    {
        "hes": "Crystal",
        "slaId": 314139,
        "meterId": "AS9006534",
        "meterTimeStamp": "2025-12-23T14:44:57+00:00",
        "serverTimeStamp": "2026-01-09T01:00:55+00:00",
        "eventId": 166
    },
    {
        "hes": "Crystal",
        "slaId": 314140,
        "meterId": "AS9006534",
        "meterTimeStamp": "2025-12-23T14:46:28+00:00",
        "serverTimeStamp": "2026-01-09T01:00:55+00:00",
        "eventId": 166
    },
    {
        "hes": "Crystal",
        "slaId": 314141,
        "meterId": "AS9006534",
        "meterTimeStamp": "2025-12-22T18:46:52+00:00",
        "serverTimeStamp": "2026-01-09T01:01:06+00:00",
        "eventId": 301
    },
    {
        "hes": "Crystal",
        "slaId": 314142,
        "meterId": "AS9006534",
        "meterTimeStamp": "2025-12-22T18:50:20+00:00",
        "serverTimeStamp": "2026-01-09T01:01:06+00:00",
        "eventId": 302
    },
    {
        "hes": "Crystal",
        "slaId": 314143,
        "meterId": "AS9006534",
        "meterTimeStamp": "2025-12-22T18:53:24+00:00",
        "serverTimeStamp": "2026-01-09T01:01:06+00:00",
        "eventId": 301
    },
    {
        "hes": "Crystal",
        "slaId": 314144,
        "meterId": "AS9006534",
        "meterTimeStamp": "2025-12-22T18:56:23+00:00",
        "serverTimeStamp": "2026-01-09T01:01:06+00:00",
        "eventId": 302
    },
    {
        "hes": "Crystal",
        "slaId": 314145,
        "meterId": "AS9006534",
        "meterTimeStamp": "2025-12-22T18:59:26+00:00",
        "serverTimeStamp": "2026-01-09T01:01:06+00:00",
        "eventId": 301
    },
    {
        "hes": "Crystal",
        "slaId": 314146,
        "meterId": "AS9006534",
        "meterTimeStamp": "2025-12-22T19:02:25+00:00",
        "serverTimeStamp": "2026-01-09T01:01:06+00:00",
        "eventId": 302
    },
    {
        "hes": "Crystal",
        "slaId": 314147,
        "meterId": "AS9006534",
        "meterTimeStamp": "2025-12-22T19:05:27+00:00",
        "serverTimeStamp": "2026-01-09T01:01:06+00:00",
        "eventId": 301
    },
    {
        "hes": "Crystal",
        "slaId": 314148,
        "meterId": "AS9006534",
        "meterTimeStamp": "2025-12-22T19:08:26+00:00",
        "serverTimeStamp": "2026-01-09T01:01:06+00:00",
        "eventId": 302
    },
    {
        "hes": "Crystal",
        "slaId": 314149,
        "meterId": "AS9006534",
        "meterTimeStamp": "2025-12-22T19:11:28+00:00",
        "serverTimeStamp": "2026-01-09T01:01:06+00:00",
        "eventId": 301
    },
    {
        "hes": "Crystal",
        "slaId": 314150,
        "meterId": "AS9006534",
        "meterTimeStamp": "2025-12-22T19:41:27+00:00",
        "serverTimeStamp": "2026-01-09T01:01:06+00:00",
        "eventId": 302
    },
    {
        "hes": "Crystal",
        "slaId": 314151,
        "meterId": "AS9006534",
        "meterTimeStamp": "2025-12-26T17:45:35+00:00",
        "serverTimeStamp": "2026-01-09T01:02:20+00:00",
        "eventId": 102
    },
    {
        "hes": "Crystal",
        "slaId": 314152,
        "meterId": "AS9006534",
        "meterTimeStamp": "2025-12-26T17:40:45+00:00",
        "serverTimeStamp": "2026-01-09T01:02:20+00:00",
        "eventId": 101
    },
    {
        "hes": "Crystal",
        "slaId": 314153,
        "meterId": "AS9006534",
        "meterTimeStamp": "2025-12-28T10:20:10+00:00",
        "serverTimeStamp": "2026-01-09T01:02:20+00:00",
        "eventId": 101
    },
    {
        "hes": "Crystal",
        "slaId": 314154,
        "meterId": "AS9006534",
        "meterTimeStamp": "2025-12-29T11:11:14+00:00",
        "serverTimeStamp": "2026-01-09T01:02:20+00:00",
        "eventId": 102
    },
    {
        "hes": "Crystal",
        "slaId": 314155,
        "meterId": "AS9006534",
        "meterTimeStamp": "2025-12-30T15:03:33+00:00",
        "serverTimeStamp": "2026-01-09T01:02:20+00:00",
        "eventId": 101
    },
    {
        "hes": "Crystal",
        "slaId": 314156,
        "meterId": "AS9006534",
        "meterTimeStamp": "2025-12-30T15:06:26+00:00",
        "serverTimeStamp": "2026-01-09T01:02:20+00:00",
        "eventId": 102
    },
    {
        "hes": "Crystal",
        "slaId": 314157,
        "meterId": "AS9006534",
        "meterTimeStamp": "2025-12-31T12:01:46+00:00",
        "serverTimeStamp": "2026-01-09T01:02:20+00:00",
        "eventId": 102
    },
    {
        "hes": "Crystal",
        "slaId": 314158,
        "meterId": "AS9006534",
        "meterTimeStamp": "2025-12-31T11:59:27+00:00",
        "serverTimeStamp": "2026-01-09T01:02:20+00:00",
        "eventId": 101
    },
    {
        "hes": "Crystal",
        "slaId": 314159,
        "meterId": "AS9006534",
        "meterTimeStamp": "2026-01-04T09:52:11+00:00",
        "serverTimeStamp": "2026-01-09T01:02:20+00:00",
        "eventId": 101
    },
    {
        "hes": "Crystal",
        "slaId": 314160,
        "meterId": "AS9006534",
        "meterTimeStamp": "2026-01-05T11:44:19+00:00",
        "serverTimeStamp": "2026-01-09T01:02:20+00:00",
        "eventId": 102
    },
    {
        "hes": "Crystal",
        "slaId": 314161,
        "meterId": "AS9006534",
        "meterTimeStamp": "2025-12-22T18:50:19+00:00",
        "serverTimeStamp": "2026-01-09T01:02:30+00:00",
        "eventId": 216
    },
    {
        "hes": "Crystal",
        "slaId": 314162,
        "meterId": "AS9006534",
        "meterTimeStamp": "2025-12-22T18:53:23+00:00",
        "serverTimeStamp": "2026-01-09T01:02:30+00:00",
        "eventId": 215
    },
    {
        "hes": "Crystal",
        "slaId": 314163,
        "meterId": "AS9006534",
        "meterTimeStamp": "2025-12-22T19:44:28+00:00",
        "serverTimeStamp": "2026-01-09T01:02:30+00:00",
        "eventId": 216
    },
    {
        "hes": "Crystal",
        "slaId": 314164,
        "meterId": "AS9006534",
        "meterTimeStamp": "2025-12-22T21:32:01+00:00",
        "serverTimeStamp": "2026-01-09T01:02:30+00:00",
        "eventId": 203
    },
    {
        "hes": "Crystal",
        "slaId": 314165,
        "meterId": "AS9006534",
        "meterTimeStamp": "2025-12-22T22:08:29+00:00",
        "serverTimeStamp": "2026-01-09T01:02:30+00:00",
        "eventId": 204
    },
    {
        "hes": "Crystal",
        "slaId": 314166,
        "meterId": "AS9006534",
        "meterTimeStamp": "2025-12-22T22:15:26+00:00",
        "serverTimeStamp": "2026-01-09T01:02:30+00:00",
        "eventId": 203
    },
    {
        "hes": "Crystal",
        "slaId": 314167,
        "meterId": "AS9006534",
        "meterTimeStamp": "2025-12-22T22:36:06+00:00",
        "serverTimeStamp": "2026-01-09T01:02:30+00:00",
        "eventId": 204
    },
    {
        "hes": "Crystal",
        "slaId": 314168,
        "meterId": "AS9006534",
        "meterTimeStamp": "2025-12-22T23:10:02+00:00",
        "serverTimeStamp": "2026-01-09T01:02:30+00:00",
        "eventId": 203
    },
    {
        "hes": "Crystal",
        "slaId": 314169,
        "meterId": "AS9006534",
        "meterTimeStamp": "2025-12-23T06:50:09+00:00",
        "serverTimeStamp": "2026-01-09T01:02:30+00:00",
        "eventId": 204
    },
    {
        "hes": "Crystal",
        "slaId": 314170,
        "meterId": "AS9006534",
        "meterTimeStamp": "2025-12-23T23:12:01+00:00",
        "serverTimeStamp": "2026-01-09T01:02:30+00:00",
        "eventId": 203
    },
    {
        "hes": "Crystal",
        "slaId": 314228,
        "meterId": "AS9006838",
        "meterTimeStamp": "2026-01-09T01:14:39+00:00",
        "serverTimeStamp": "2026-01-09T01:14:45+00:00",
        "eventId": 302
    },
    {
        "hes": "Crystal",
        "slaId": 314231,
        "meterId": "AS9006838",
        "meterTimeStamp": "2026-01-09T01:17:40+00:00",
        "serverTimeStamp": "2026-01-09T01:17:46+00:00",
        "eventId": 301
    },
    {
        "hes": "Crystal",
        "slaId": 314241,
        "meterId": "AS9006838",
        "meterTimeStamp": "2026-01-09T01:20:59+00:00",
        "serverTimeStamp": "2026-01-09T01:21:05+00:00",
        "eventId": 302
    },
    {
        "hes": "Crystal",
        "slaId": 314249,
        "meterId": "AS9006838",
        "meterTimeStamp": "2026-01-09T01:24:00+00:00",
        "serverTimeStamp": "2026-01-09T01:24:06+00:00",
        "eventId": 301
    },
    {
        "hes": "Crystal",
        "slaId": 314260,
        "meterId": "AS9006838",
        "meterTimeStamp": "2026-01-09T01:27:19+00:00",
        "serverTimeStamp": "2026-01-09T01:27:25+00:00",
        "eventId": 302
    },
    {
        "hes": "Crystal",
        "slaId": 314272,
        "meterId": "AS9006838",
        "meterTimeStamp": "2026-01-09T01:30:20+00:00",
        "serverTimeStamp": "2026-01-09T01:30:26+00:00",
        "eventId": 301
    },
    {
        "hes": "Crystal",
        "slaId": 314283,
        "meterId": "AS9006838",
        "meterTimeStamp": "2026-01-09T01:33:39+00:00",
        "serverTimeStamp": "2026-01-09T01:33:45+00:00",
        "eventId": 302
    },
    {
        "hes": "Crystal",
        "slaId": 314297,
        "meterId": "AS9006838",
        "meterTimeStamp": "2026-01-09T01:36:40+00:00",
        "serverTimeStamp": "2026-01-09T01:36:46+00:00",
        "eventId": 301
    },
    {
        "hes": "Crystal",
        "slaId": 314307,
        "meterId": "AS9006838",
        "meterTimeStamp": "2026-01-09T01:39:59+00:00",
        "serverTimeStamp": "2026-01-09T01:40:05+00:00",
        "eventId": 302
    },
    {
        "hes": "Crystal",
        "slaId": 314316,
        "meterId": "AS9006838",
        "meterTimeStamp": "2026-01-09T01:42:59+00:00",
        "serverTimeStamp": "2026-01-09T01:43:05+00:00",
        "eventId": 301
    },
    {
        "hes": "Crystal",
        "slaId": 314334,
        "meterId": "AS9006838",
        "meterTimeStamp": "2026-01-09T01:46:18+00:00",
        "serverTimeStamp": "2026-01-09T01:46:24+00:00",
        "eventId": 302
    },
    {
        "hes": "Crystal",
        "slaId": 314345,
        "meterId": "AS9006838",
        "meterTimeStamp": "2026-01-09T01:49:19+00:00",
        "serverTimeStamp": "2026-01-09T01:49:25+00:00",
        "eventId": 301
    },
    {
        "hes": "Crystal",
        "slaId": 314407,
        "meterId": "AS9006838",
        "meterTimeStamp": "2026-01-09T02:19:18+00:00",
        "serverTimeStamp": "2026-01-09T02:19:24+00:00",
        "eventId": 302
    },
    {
        "hes": "Crystal",
        "slaId": 314412,
        "meterId": "AS9006838",
        "meterTimeStamp": "2026-01-09T02:22:19+00:00",
        "serverTimeStamp": "2026-01-09T02:22:25+00:00",
        "eventId": 301
    },
    {
        "hes": "Crystal",
        "slaId": 314416,
        "meterId": "AS9006838",
        "meterTimeStamp": "2026-01-09T02:25:38+00:00",
        "serverTimeStamp": "2026-01-09T02:25:44+00:00",
        "eventId": 302
    },
    {
        "hes": "Crystal",
        "slaId": 314420,
        "meterId": "AS9006838",
        "meterTimeStamp": "2026-01-09T02:28:39+00:00",
        "serverTimeStamp": "2026-01-09T02:28:45+00:00",
        "eventId": 301
    },
    {
        "hes": "Crystal",
        "slaId": 314426,
        "meterId": "AS9006838",
        "meterTimeStamp": "2026-01-09T02:31:58+00:00",
        "serverTimeStamp": "2026-01-09T02:32:04+00:00",
        "eventId": 302
    },
    {
        "hes": "Crystal",
        "slaId": 314432,
        "meterId": "AS9006838",
        "meterTimeStamp": "2026-01-09T02:34:59+00:00",
        "serverTimeStamp": "2026-01-09T02:35:05+00:00",
        "eventId": 301
    },
    {
        "hes": "Crystal",
        "slaId": 314444,
        "meterId": "AS9006838",
        "meterTimeStamp": "2026-01-09T02:38:18+00:00",
        "serverTimeStamp": "2026-01-09T02:38:24+00:00",
        "eventId": 302
    },
    {
        "hes": "Crystal",
        "slaId": 314451,
        "meterId": "AS9006838",
        "meterTimeStamp": "2026-01-09T02:41:19+00:00",
        "serverTimeStamp": "2026-01-09T02:41:25+00:00",
        "eventId": 301
    },
    {
        "hes": "Crystal",
        "slaId": 314465,
        "meterId": "AS9006838",
        "meterTimeStamp": "2026-01-09T02:44:38+00:00",
        "serverTimeStamp": "2026-01-09T02:44:44+00:00",
        "eventId": 302
    },
    {
        "hes": "Crystal",
        "slaId": 314472,
        "meterId": "AS9006838",
        "meterTimeStamp": "2026-01-09T02:47:39+00:00",
        "serverTimeStamp": "2026-01-09T02:47:45+00:00",
        "eventId": 301
    },
    {
        "hes": "Crystal",
        "slaId": 314484,
        "meterId": "AS9006838",
        "meterTimeStamp": "2026-01-09T02:50:58+00:00",
        "serverTimeStamp": "2026-01-09T02:51:04+00:00",
        "eventId": 302
    },
    {
        "hes": "Crystal",
        "slaId": 314498,
        "meterId": "AS9006838",
        "meterTimeStamp": "2026-01-09T02:53:59+00:00",
        "serverTimeStamp": "2026-01-09T02:54:05+00:00",
        "eventId": 301
    },
    {
        "hes": "Crystal",
        "slaId": 314585,
        "meterId": "AS9006838",
        "meterTimeStamp": "2026-01-09T03:23:58+00:00",
        "serverTimeStamp": "2026-01-09T03:24:04+00:00",
        "eventId": 302
    },
    {
        "hes": "Crystal",
        "slaId": 314594,
        "meterId": "AS9006838",
        "meterTimeStamp": "2026-01-09T03:26:59+00:00",
        "serverTimeStamp": "2026-01-09T03:27:05+00:00",
        "eventId": 301
    },
    {
        "hes": "Crystal",
        "slaId": 314597,
        "meterId": "AS9006838",
        "meterTimeStamp": "2026-01-09T03:30:18+00:00",
        "serverTimeStamp": "2026-01-09T03:30:24+00:00",
        "eventId": 302
    },
    {
        "hes": "Crystal",
        "slaId": 314599,
        "meterId": "AS9006838",
        "meterTimeStamp": "2026-01-09T03:33:19+00:00",
        "serverTimeStamp": "2026-01-09T03:33:25+00:00",
        "eventId": 301
    },
    {
        "hes": "Crystal",
        "slaId": 314601,
        "meterId": "AS9006838",
        "meterTimeStamp": "2026-01-09T03:36:38+00:00",
        "serverTimeStamp": "2026-01-09T03:36:44+00:00",
        "eventId": 302
    },
    {
        "hes": "Crystal",
        "slaId": 314603,
        "meterId": "AS9006838",
        "meterTimeStamp": "2026-01-09T03:39:39+00:00",
        "serverTimeStamp": "2026-01-09T03:39:45+00:00",
        "eventId": 301
    },
    {
        "hes": "Crystal",
        "slaId": 314607,
        "meterId": "AS9006838",
        "meterTimeStamp": "2026-01-09T03:42:58+00:00",
        "serverTimeStamp": "2026-01-09T03:43:04+00:00",
        "eventId": 302
    },
    {
        "hes": "Crystal",
        "slaId": 314612,
        "meterId": "AS9006838",
        "meterTimeStamp": "2026-01-09T03:45:59+00:00",
        "serverTimeStamp": "2026-01-09T03:46:05+00:00",
        "eventId": 301
    },
    {
        "hes": "Crystal",
        "slaId": 314619,
        "meterId": "AS9006838",
        "meterTimeStamp": "2026-01-09T03:49:18+00:00",
        "serverTimeStamp": "2026-01-09T03:49:24+00:00",
        "eventId": 302
    },
    {
        "hes": "Crystal",
        "slaId": 314625,
        "meterId": "AS9006838",
        "meterTimeStamp": "2026-01-09T03:52:19+00:00",
        "serverTimeStamp": "2026-01-09T03:52:25+00:00",
        "eventId": 301
    },
    {
        "hes": "Crystal",
        "slaId": 314633,
        "meterId": "AS9006838",
        "meterTimeStamp": "2026-01-09T03:55:38+00:00",
        "serverTimeStamp": "2026-01-09T03:55:44+00:00",
        "eventId": 302
    },
    {
        "hes": "Crystal",
        "slaId": 314649,
        "meterId": "AS9006838",
        "meterTimeStamp": "2026-01-09T03:58:39+00:00",
        "serverTimeStamp": "2026-01-09T03:58:45+00:00",
        "eventId": 301
    },
    {
        "hes": "Crystal",
        "slaId": 314739,
        "meterId": "AS9006838",
        "meterTimeStamp": "2026-01-09T04:28:38+00:00",
        "serverTimeStamp": "2026-01-09T04:28:46+00:00",
        "eventId": 302
    },
    {
        "hes": "Crystal",
        "slaId": 314746,
        "meterId": "AS9006838",
        "meterTimeStamp": "2026-01-09T04:31:39+00:00",
        "serverTimeStamp": "2026-01-09T04:31:45+00:00",
        "eventId": 301
    },
    {
        "hes": "Crystal",
        "slaId": 314760,
        "meterId": "AS9006838",
        "meterTimeStamp": "2026-01-09T04:34:58+00:00",
        "serverTimeStamp": "2026-01-09T04:35:04+00:00",
        "eventId": 302
    },
    {
        "hes": "Crystal",
        "slaId": 314766,
        "meterId": "AS9006838",
        "meterTimeStamp": "2026-01-09T04:37:59+00:00",
        "serverTimeStamp": "2026-01-09T04:38:05+00:00",
        "eventId": 301
    },
    {
        "hes": "Crystal",
        "slaId": 314777,
        "meterId": "AS9006838",
        "meterTimeStamp": "2026-01-09T04:41:18+00:00",
        "serverTimeStamp": "2026-01-09T04:41:24+00:00",
        "eventId": 302
    },
    {
        "hes": "Crystal",
        "slaId": 314784,
        "meterId": "AS9006838",
        "meterTimeStamp": "2026-01-09T04:44:19+00:00",
        "serverTimeStamp": "2026-01-09T04:44:25+00:00",
        "eventId": 301
    },
    {
        "hes": "Crystal",
        "slaId": 314787,
        "meterId": "AS9006838",
        "meterTimeStamp": "2026-01-09T04:47:38+00:00",
        "serverTimeStamp": "2026-01-09T04:47:44+00:00",
        "eventId": 302
    },
    {
        "hes": "Crystal",
        "slaId": 314793,
        "meterId": "AS9006838",
        "meterTimeStamp": "2026-01-09T04:50:39+00:00",
        "serverTimeStamp": "2026-01-09T04:50:45+00:00",
        "eventId": 301
    },
    {
        "hes": "Crystal",
        "slaId": 314800,
        "meterId": "AS9006838",
        "meterTimeStamp": "2026-01-09T04:53:58+00:00",
        "serverTimeStamp": "2026-01-09T04:54:04+00:00",
        "eventId": 302
    },
    {
        "hes": "Crystal",
        "slaId": 314806,
        "meterId": "AS9006838",
        "meterTimeStamp": "2026-01-09T04:56:59+00:00",
        "serverTimeStamp": "2026-01-09T04:57:05+00:00",
        "eventId": 301
    },
    {
        "hes": "Crystal",
        "slaId": 314811,
        "meterId": "AS9006838",
        "meterTimeStamp": "2026-01-09T05:00:18+00:00",
        "serverTimeStamp": "2026-01-09T05:00:24+00:00",
        "eventId": 302
    },
    {
        "hes": "Crystal",
        "slaId": 314816,
        "meterId": "AS9006838",
        "meterTimeStamp": "2026-01-09T05:03:19+00:00",
        "serverTimeStamp": "2026-01-09T05:03:25+00:00",
        "eventId": 301
    },
    {
        "hes": "Crystal",
        "slaId": 314882,
        "meterId": "AS9006838",
        "meterTimeStamp": "2026-01-09T05:33:18+00:00",
        "serverTimeStamp": "2026-01-09T05:33:24+00:00",
        "eventId": 302
    },
    {
        "hes": "Crystal",
        "slaId": 314895,
        "meterId": "AS9006838",
        "meterTimeStamp": "2026-01-09T05:36:20+00:00",
        "serverTimeStamp": "2026-01-09T05:36:26+00:00",
        "eventId": 301
    },
    {
        "hes": "Crystal",
        "slaId": 314906,
        "meterId": "AS9006838",
        "meterTimeStamp": "2026-01-09T05:39:39+00:00",
        "serverTimeStamp": "2026-01-09T05:39:45+00:00",
        "eventId": 302
    },
    {
        "hes": "Crystal",
        "slaId": 314922,
        "meterId": "AS9006838",
        "meterTimeStamp": "2026-01-09T05:42:40+00:00",
        "serverTimeStamp": "2026-01-09T05:42:46+00:00",
        "eventId": 301
    },
    {
        "hes": "Crystal",
        "slaId": 314934,
        "meterId": "AS9006838",
        "meterTimeStamp": "2026-01-09T05:45:59+00:00",
        "serverTimeStamp": "2026-01-09T05:46:05+00:00",
        "eventId": 302
    },
    {
        "hes": "Crystal",
        "slaId": 314947,
        "meterId": "AS9006838",
        "meterTimeStamp": "2026-01-09T05:49:00+00:00",
        "serverTimeStamp": "2026-01-09T05:49:06+00:00",
        "eventId": 301
    },
    {
        "hes": "Crystal",
        "slaId": 314962,
        "meterId": "AS9006838",
        "meterTimeStamp": "2026-01-09T05:52:19+00:00",
        "serverTimeStamp": "2026-01-09T05:52:25+00:00",
        "eventId": 302
    },
    {
        "hes": "Crystal",
        "slaId": 314971,
        "meterId": "AS9006838",
        "meterTimeStamp": "2026-01-09T05:55:20+00:00",
        "serverTimeStamp": "2026-01-09T05:55:26+00:00",
        "eventId": 301
    },
    {
        "hes": "Crystal",
        "slaId": 314983,
        "meterId": "AS9006838",
        "meterTimeStamp": "2026-01-09T05:58:39+00:00",
        "serverTimeStamp": "2026-01-09T05:58:45+00:00",
        "eventId": 302
    },
    {
        "hes": "Crystal",
        "slaId": 314987,
        "meterId": "AS9006838",
        "meterTimeStamp": "2026-01-09T06:01:40+00:00",
        "serverTimeStamp": "2026-01-09T06:01:46+00:00",
        "eventId": 301
    },
    {
        "hes": "Crystal",
        "slaId": 314995,
        "meterId": "AS9006838",
        "meterTimeStamp": "2026-01-09T06:04:59+00:00",
        "serverTimeStamp": "2026-01-09T06:05:05+00:00",
        "eventId": 302
    },
    {
        "hes": "Crystal",
        "slaId": 314997,
        "meterId": "AS9006838",
        "meterTimeStamp": "2026-01-09T06:08:00+00:00",
        "serverTimeStamp": "2026-01-09T06:08:06+00:00",
        "eventId": 301
    },
    {
        "hes": "Crystal",
        "slaId": 315053,
        "meterId": "AS9006838",
        "meterTimeStamp": "2026-01-09T06:37:59+00:00",
        "serverTimeStamp": "2026-01-09T06:38:05+00:00",
        "eventId": 302
    },
    {
        "hes": "Crystal",
        "slaId": 315072,
        "meterId": "AS9006838",
        "meterTimeStamp": "2026-01-09T06:41:00+00:00",
        "serverTimeStamp": "2026-01-09T06:41:06+00:00",
        "eventId": 301
    },
    {
        "hes": "Crystal",
        "slaId": 315087,
        "meterId": "AS9006838",
        "meterTimeStamp": "2026-01-09T06:44:19+00:00",
        "serverTimeStamp": "2026-01-09T06:44:25+00:00",
        "eventId": 302
    },
    {
        "hes": "Crystal",
        "slaId": 315098,
        "meterId": "AS9006838",
        "meterTimeStamp": "2026-01-09T06:47:20+00:00",
        "serverTimeStamp": "2026-01-09T06:47:26+00:00",
        "eventId": 301
    },
    {
        "hes": "Crystal",
        "slaId": 315109,
        "meterId": "AS9006838",
        "meterTimeStamp": "2026-01-09T06:50:39+00:00",
        "serverTimeStamp": "2026-01-09T06:50:45+00:00",
        "eventId": 302
    },
    {
        "hes": "Crystal",
        "slaId": 315118,
        "meterId": "AS9006838",
        "meterTimeStamp": "2026-01-09T06:53:40+00:00",
        "serverTimeStamp": "2026-01-09T06:53:46+00:00",
        "eventId": 301
    },
    {
        "hes": "Crystal",
        "slaId": 315134,
        "meterId": "AS9006838",
        "meterTimeStamp": "2026-01-09T06:56:59+00:00",
        "serverTimeStamp": "2026-01-09T06:57:05+00:00",
        "eventId": 302
    },
    {
        "hes": "Crystal",
        "slaId": 315144,
        "meterId": "AS9006838",
        "meterTimeStamp": "2026-01-09T07:00:00+00:00",
        "serverTimeStamp": "2026-01-09T07:00:06+00:00",
        "eventId": 301
    },
    {
        "hes": "Crystal",
        "slaId": 315157,
        "meterId": "AS9006838",
        "meterTimeStamp": "2026-01-09T07:03:19+00:00",
        "serverTimeStamp": "2026-01-09T07:03:25+00:00",
        "eventId": 302
    },
    {
        "hes": "Crystal",
        "slaId": 315168,
        "meterId": "AS9006838",
        "meterTimeStamp": "2026-01-09T07:06:20+00:00",
        "serverTimeStamp": "2026-01-09T07:06:26+00:00",
        "eventId": 301
    },
    {
        "hes": "Crystal",
        "slaId": 315180,
        "meterId": "AS9006838",
        "meterTimeStamp": "2026-01-09T07:09:39+00:00",
        "serverTimeStamp": "2026-01-09T07:09:45+00:00",
        "eventId": 302
    },
    {
        "hes": "Crystal",
        "slaId": 315187,
        "meterId": "AS9006838",
        "meterTimeStamp": "2026-01-09T07:12:40+00:00",
        "serverTimeStamp": "2026-01-09T07:12:46+00:00",
        "eventId": 301
    },
    {
        "hes": "Crystal",
        "slaId": 315221,
        "meterId": "AS9006838",
        "meterTimeStamp": "2026-01-09T07:42:39+00:00",
        "serverTimeStamp": "2026-01-09T07:42:45+00:00",
        "eventId": 302
    },
    {
        "hes": "Crystal",
        "slaId": 315228,
        "meterId": "AS9006838",
        "meterTimeStamp": "2026-01-09T07:45:40+00:00",
        "serverTimeStamp": "2026-01-09T07:45:46+00:00",
        "eventId": 301
    },
    {
        "hes": "Crystal",
        "slaId": 315238,
        "meterId": "AS9006838",
        "meterTimeStamp": "2026-01-09T07:48:59+00:00",
        "serverTimeStamp": "2026-01-09T07:49:05+00:00",
        "eventId": 302
    },
    {
        "hes": "Crystal",
        "slaId": 315250,
        "meterId": "AS9006838",
        "meterTimeStamp": "2026-01-09T07:52:00+00:00",
        "serverTimeStamp": "2026-01-09T07:52:06+00:00",
        "eventId": 301
    },
    {
        "hes": "Crystal",
        "slaId": 315260,
        "meterId": "AS9006838",
        "meterTimeStamp": "2026-01-09T07:55:19+00:00",
        "serverTimeStamp": "2026-01-09T07:55:25+00:00",
        "eventId": 302
    },
    {
        "hes": "Crystal",
        "slaId": 315268,
        "meterId": "AS9006838",
        "meterTimeStamp": "2026-01-09T07:58:20+00:00",
        "serverTimeStamp": "2026-01-09T07:58:26+00:00",
        "eventId": 301
    },
    {
        "hes": "Crystal",
        "slaId": 315284,
        "meterId": "AS9006838",
        "meterTimeStamp": "2026-01-09T08:01:39+00:00",
        "serverTimeStamp": "2026-01-09T08:01:45+00:00",
        "eventId": 302
    },
    {
        "hes": "Crystal",
        "slaId": 315293,
        "meterId": "AS9006838",
        "meterTimeStamp": "2026-01-09T08:04:40+00:00",
        "serverTimeStamp": "2026-01-09T08:04:46+00:00",
        "eventId": 301
    },
    {
        "hes": "Crystal",
        "slaId": 315305,
        "meterId": "AS9006838",
        "meterTimeStamp": "2026-01-09T08:07:59+00:00",
        "serverTimeStamp": "2026-01-09T08:08:05+00:00",
        "eventId": 302
    },
    {
        "hes": "Crystal",
        "slaId": 315317,
        "meterId": "AS9006838",
        "meterTimeStamp": "2026-01-09T08:11:00+00:00",
        "serverTimeStamp": "2026-01-09T08:11:06+00:00",
        "eventId": 301
    },
    {
        "hes": "Crystal",
        "slaId": 315327,
        "meterId": "AS9006838",
        "meterTimeStamp": "2026-01-09T08:14:19+00:00",
        "serverTimeStamp": "2026-01-09T08:14:25+00:00",
        "eventId": 302
    },
    {
        "hes": "Crystal",
        "slaId": 315339,
        "meterId": "AS9006838",
        "meterTimeStamp": "2026-01-09T08:17:20+00:00",
        "serverTimeStamp": "2026-01-09T08:17:26+00:00",
        "eventId": 301
    },
    {
        "hes": "Crystal",
        "slaId": 315390,
        "meterId": "AS9006838",
        "meterTimeStamp": "2026-01-09T08:47:19+00:00",
        "serverTimeStamp": "2026-01-09T08:47:25+00:00",
        "eventId": 302
    },
    {
        "hes": "Crystal",
        "slaId": 315391,
        "meterId": "AS9006838",
        "meterTimeStamp": "2026-01-09T08:50:20+00:00",
        "serverTimeStamp": "2026-01-09T08:50:26+00:00",
        "eventId": 301
    },
    {
        "hes": "Crystal",
        "slaId": 315394,
        "meterId": "AS9006838",
        "meterTimeStamp": "2026-01-09T08:53:39+00:00",
        "serverTimeStamp": "2026-01-09T08:53:45+00:00",
        "eventId": 302
    },
    {
        "hes": "Crystal",
        "slaId": 315401,
        "meterId": "AS9006838",
        "meterTimeStamp": "2026-01-09T08:56:40+00:00",
        "serverTimeStamp": "2026-01-09T08:56:46+00:00",
        "eventId": 301
    },
    {
        "hes": "Crystal",
        "slaId": 315413,
        "meterId": "AS9006838",
        "meterTimeStamp": "2026-01-09T08:59:59+00:00",
        "serverTimeStamp": "2026-01-09T09:00:05+00:00",
        "eventId": 302
    },
    {
        "hes": "Crystal",
        "slaId": 315421,
        "meterId": "AS9006838",
        "meterTimeStamp": "2026-01-09T09:03:00+00:00",
        "serverTimeStamp": "2026-01-09T09:03:06+00:00",
        "eventId": 301
    },
    {
        "hes": "Crystal",
        "slaId": 315431,
        "meterId": "AS9006838",
        "meterTimeStamp": "2026-01-09T09:06:19+00:00",
        "serverTimeStamp": "2026-01-09T09:06:25+00:00",
        "eventId": 302
    },
    {
        "hes": "Crystal",
        "slaId": 315443,
        "meterId": "AS9006838",
        "meterTimeStamp": "2026-01-09T09:09:20+00:00",
        "serverTimeStamp": "2026-01-09T09:09:26+00:00",
        "eventId": 301
    },
    {
        "hes": "Crystal",
        "slaId": 315455,
        "meterId": "AS9006838",
        "meterTimeStamp": "2026-01-09T09:12:39+00:00",
        "serverTimeStamp": "2026-01-09T09:12:46+00:00",
        "eventId": 302
    },
    {
        "hes": "Crystal",
        "slaId": 315468,
        "meterId": "AS9006838",
        "meterTimeStamp": "2026-01-09T09:15:40+00:00",
        "serverTimeStamp": "2026-01-09T09:15:46+00:00",
        "eventId": 301
    },
    {
        "hes": "Crystal",
        "slaId": 315475,
        "meterId": "AS9006838",
        "meterTimeStamp": "2026-01-09T09:18:59+00:00",
        "serverTimeStamp": "2026-01-09T09:19:05+00:00",
        "eventId": 302
    },
    {
        "hes": "Crystal",
        "slaId": 315484,
        "meterId": "AS9006838",
        "meterTimeStamp": "2026-01-09T09:22:00+00:00",
        "serverTimeStamp": "2026-01-09T09:22:06+00:00",
        "eventId": 301
    },
    {
        "hes": "Crystal",
        "slaId": 315596,
        "meterId": "AS9006838",
        "meterTimeStamp": "2026-01-09T09:51:59+00:00",
        "serverTimeStamp": "2026-01-09T09:52:05+00:00",
        "eventId": 302
    },
    {
        "hes": "Crystal",
        "slaId": 315601,
        "meterId": "AS9006838",
        "meterTimeStamp": "2026-01-09T09:55:00+00:00",
        "serverTimeStamp": "2026-01-09T09:55:06+00:00",
        "eventId": 301
    },
    {
        "hes": "Crystal",
        "slaId": 315607,
        "meterId": "AS9006838",
        "meterTimeStamp": "2026-01-09T09:58:19+00:00",
        "serverTimeStamp": "2026-01-09T09:58:25+00:00",
        "eventId": 302
    },
    {
        "hes": "Crystal",
        "slaId": 315612,
        "meterId": "AS9006838",
        "meterTimeStamp": "2026-01-09T10:01:20+00:00",
        "serverTimeStamp": "2026-01-09T10:01:26+00:00",
        "eventId": 301
    },
    {
        "hes": "Crystal",
        "slaId": 315618,
        "meterId": "AS9006838",
        "meterTimeStamp": "2026-01-09T10:04:39+00:00",
        "serverTimeStamp": "2026-01-09T10:04:45+00:00",
        "eventId": 302
    },
    {
        "hes": "Crystal",
        "slaId": 315620,
        "meterId": "AS9006838",
        "meterTimeStamp": "2026-01-09T10:07:40+00:00",
        "serverTimeStamp": "2026-01-09T10:07:46+00:00",
        "eventId": 301
    },
    {
        "hes": "Crystal",
        "slaId": 315624,
        "meterId": "AS9006838",
        "meterTimeStamp": "2026-01-09T10:10:59+00:00",
        "serverTimeStamp": "2026-01-09T10:11:05+00:00",
        "eventId": 302
    },
    {
        "hes": "Crystal",
        "slaId": 315631,
        "meterId": "AS9006838",
        "meterTimeStamp": "2026-01-09T10:14:00+00:00",
        "serverTimeStamp": "2026-01-09T10:14:06+00:00",
        "eventId": 301
    },
    {
        "hes": "Crystal",
        "slaId": 315640,
        "meterId": "AS9006838",
        "meterTimeStamp": "2026-01-09T10:17:19+00:00",
        "serverTimeStamp": "2026-01-09T10:17:25+00:00",
        "eventId": 302
    },
    {
        "hes": "Crystal",
        "slaId": 315649,
        "meterId": "AS9006838",
        "meterTimeStamp": "2026-01-09T10:20:20+00:00",
        "serverTimeStamp": "2026-01-09T10:20:26+00:00",
        "eventId": 301
    },
    {
        "hes": "Crystal",
        "slaId": 315661,
        "meterId": "AS9006838",
        "meterTimeStamp": "2026-01-09T10:23:39+00:00",
        "serverTimeStamp": "2026-01-09T10:23:45+00:00",
        "eventId": 302
    },
    {
        "hes": "Crystal",
        "slaId": 315674,
        "meterId": "AS9006838",
        "meterTimeStamp": "2026-01-09T10:26:40+00:00",
        "serverTimeStamp": "2026-01-09T10:26:46+00:00",
        "eventId": 301
    },
    {
        "hes": "Crystal",
        "slaId": 315801,
        "meterId": "AS9006838",
        "meterTimeStamp": "2026-01-09T10:56:39+00:00",
        "serverTimeStamp": "2026-01-09T10:56:45+00:00",
        "eventId": 302
    },
    {
        "hes": "Crystal",
        "slaId": 315811,
        "meterId": "AS9006838",
        "meterTimeStamp": "2026-01-09T10:59:40+00:00",
        "serverTimeStamp": "2026-01-09T10:59:46+00:00",
        "eventId": 301
    },
    {
        "hes": "Crystal",
        "slaId": 315819,
        "meterId": "AS9006838",
        "meterTimeStamp": "2026-01-09T11:02:59+00:00",
        "serverTimeStamp": "2026-01-09T11:03:05+00:00",
        "eventId": 302
    },
    {
        "hes": "Crystal",
        "slaId": 315826,
        "meterId": "AS9006838",
        "meterTimeStamp": "2026-01-09T11:06:00+00:00",
        "serverTimeStamp": "2026-01-09T11:06:06+00:00",
        "eventId": 301
    },
    {
        "hes": "Crystal",
        "slaId": 315835,
        "meterId": "AS9006838",
        "meterTimeStamp": "2026-01-09T11:09:19+00:00",
        "serverTimeStamp": "2026-01-09T11:09:25+00:00",
        "eventId": 302
    },
    {
        "hes": "Crystal",
        "slaId": 315839,
        "meterId": "AS9006838",
        "meterTimeStamp": "2026-01-09T11:12:20+00:00",
        "serverTimeStamp": "2026-01-09T11:12:26+00:00",
        "eventId": 301
    },
    {
        "hes": "Crystal",
        "slaId": 315841,
        "meterId": "AS9006838",
        "meterTimeStamp": "2026-01-09T11:15:39+00:00",
        "serverTimeStamp": "2026-01-09T11:15:45+00:00",
        "eventId": 302
    },
    {
        "hes": "Crystal",
        "slaId": 315842,
        "meterId": "AS9006838",
        "meterTimeStamp": "2026-01-09T11:18:40+00:00",
        "serverTimeStamp": "2026-01-09T11:18:46+00:00",
        "eventId": 301
    },
    {
        "hes": "Crystal",
        "slaId": 315845,
        "meterId": "AS9006838",
        "meterTimeStamp": "2026-01-09T11:21:59+00:00",
        "serverTimeStamp": "2026-01-09T11:22:05+00:00",
        "eventId": 302
    },
    {
        "hes": "Crystal",
        "slaId": 315852,
        "meterId": "AS9006838",
        "meterTimeStamp": "2026-01-09T11:25:00+00:00",
        "serverTimeStamp": "2026-01-09T11:25:06+00:00",
        "eventId": 301
    },
    {
        "hes": "Crystal",
        "slaId": 315859,
        "meterId": "AS9006838",
        "meterTimeStamp": "2026-01-09T11:28:19+00:00",
        "serverTimeStamp": "2026-01-09T11:28:25+00:00",
        "eventId": 302
    },
    {
        "hes": "Crystal",
        "slaId": 315865,
        "meterId": "AS9006838",
        "meterTimeStamp": "2026-01-09T11:31:20+00:00",
        "serverTimeStamp": "2026-01-09T11:31:26+00:00",
        "eventId": 301
    },
    {
        "hes": "Crystal",
        "slaId": 316040,
        "meterId": "AS9006838",
        "meterTimeStamp": "2026-01-09T12:01:19+00:00",
        "serverTimeStamp": "2026-01-09T12:01:25+00:00",
        "eventId": 302
    },
    {
        "hes": "Crystal",
        "slaId": 316137,
        "meterId": "AS9006838",
        "meterTimeStamp": "2026-01-09T12:04:20+00:00",
        "serverTimeStamp": "2026-01-09T12:04:26+00:00",
        "eventId": 301
    },
    {
        "hes": "Crystal",
        "slaId": 316166,
        "meterId": "AS9006838",
        "meterTimeStamp": "2026-01-09T12:07:39+00:00",
        "serverTimeStamp": "2026-01-09T12:07:45+00:00",
        "eventId": 302
    },
    {
        "hes": "Crystal",
        "slaId": 316186,
        "meterId": "AS9006838",
        "meterTimeStamp": "2026-01-09T12:10:40+00:00",
        "serverTimeStamp": "2026-01-09T12:10:46+00:00",
        "eventId": 301
    },
    {
        "hes": "Crystal",
        "slaId": 316199,
        "meterId": "AS9006838",
        "meterTimeStamp": "2026-01-09T12:13:59+00:00",
        "serverTimeStamp": "2026-01-09T12:14:05+00:00",
        "eventId": 302
    },
    {
        "hes": "Crystal",
        "slaId": 316209,
        "meterId": "AS9006838",
        "meterTimeStamp": "2026-01-09T12:17:00+00:00",
        "serverTimeStamp": "2026-01-09T12:17:06+00:00",
        "eventId": 301
    },
    {
        "hes": "Crystal",
        "slaId": 316220,
        "meterId": "AS9006838",
        "meterTimeStamp": "2026-01-09T12:20:19+00:00",
        "serverTimeStamp": "2026-01-09T12:20:25+00:00",
        "eventId": 302
    },
    {
        "hes": "Crystal",
        "slaId": 316229,
        "meterId": "AS9006838",
        "meterTimeStamp": "2026-01-09T12:23:20+00:00",
        "serverTimeStamp": "2026-01-09T12:23:26+00:00",
        "eventId": 301
    },
    {
        "hes": "Crystal",
        "slaId": 316247,
        "meterId": "AS9006838",
        "meterTimeStamp": "2026-01-09T12:26:39+00:00",
        "serverTimeStamp": "2026-01-09T12:26:45+00:00",
        "eventId": 302
    },
    {
        "hes": "Crystal",
        "slaId": 316254,
        "meterId": "AS9006838",
        "meterTimeStamp": "2026-01-09T12:29:40+00:00",
        "serverTimeStamp": "2026-01-09T12:29:46+00:00",
        "eventId": 301
    },
    {
        "hes": "Crystal",
        "slaId": 316267,
        "meterId": "AS9006838",
        "meterTimeStamp": "2026-01-09T12:32:59+00:00",
        "serverTimeStamp": "2026-01-09T12:33:05+00:00",
        "eventId": 302
    },
    {
        "hes": "Crystal",
        "slaId": 316275,
        "meterId": "AS9006838",
        "meterTimeStamp": "2026-01-09T12:36:00+00:00",
        "serverTimeStamp": "2026-01-09T12:36:06+00:00",
        "eventId": 301
    },
    {
        "hes": "Crystal",
        "slaId": 316372,
        "meterId": "AS9006838",
        "meterTimeStamp": "2026-01-09T13:05:59+00:00",
        "serverTimeStamp": "2026-01-09T13:06:05+00:00",
        "eventId": 302
    },
    {
        "hes": "Crystal",
        "slaId": 316380,
        "meterId": "AS9006838",
        "meterTimeStamp": "2026-01-09T13:09:00+00:00",
        "serverTimeStamp": "2026-01-09T13:09:06+00:00",
        "eventId": 301
    },
    {
        "hes": "Crystal",
        "slaId": 316401,
        "meterId": "AS9006838",
        "meterTimeStamp": "2026-01-09T13:12:52+00:00",
        "serverTimeStamp": "2026-01-09T13:14:07+00:00",
        "eventId": 102
    },
    {
        "hes": "Crystal",
        "slaId": 316402,
        "meterId": "AS9006838",
        "meterTimeStamp": "2026-01-09T13:12:52+00:00",
        "serverTimeStamp": "2026-01-09T13:14:10+00:00",
        "eventId": 216
    },
    {
        "hes": "Crystal",
        "slaId": 316405,
        "meterId": "AS9006838",
        "meterTimeStamp": "2026-01-09T13:12:53+00:00",
        "serverTimeStamp": "2026-01-09T13:14:12+00:00",
        "eventId": 302
    },
    {
        "hes": "Crystal",
        "slaId": 316417,
        "meterId": "AS9006838",
        "meterTimeStamp": "2026-01-09T13:15:55+00:00",
        "serverTimeStamp": "2026-01-09T13:15:59+00:00",
        "eventId": 215
    },
    {
        "hes": "Crystal",
        "slaId": 316418,
        "meterId": "AS9006838",
        "meterTimeStamp": "2026-01-09T13:15:56+00:00",
        "serverTimeStamp": "2026-01-09T13:16:03+00:00",
        "eventId": 301
    },
    {
        "hes": "Crystal",
        "slaId": 316433,
        "meterId": "AS9006838",
        "meterTimeStamp": "2026-01-09T13:19:15+00:00",
        "serverTimeStamp": "2026-01-09T13:19:21+00:00",
        "eventId": 302
    },
    {
        "hes": "Crystal",
        "slaId": 316446,
        "meterId": "AS9006838",
        "meterTimeStamp": "2026-01-09T13:22:16+00:00",
        "serverTimeStamp": "2026-01-09T13:22:22+00:00",
        "eventId": 301
    },
    {
        "hes": "Crystal",
        "slaId": 316458,
        "meterId": "AS9006838",
        "meterTimeStamp": "2026-01-09T13:25:35+00:00",
        "serverTimeStamp": "2026-01-09T13:25:41+00:00",
        "eventId": 302
    },
    {
        "hes": "Crystal",
        "slaId": 316467,
        "meterId": "AS9006838",
        "meterTimeStamp": "2026-01-09T13:28:36+00:00",
        "serverTimeStamp": "2026-01-09T13:28:42+00:00",
        "eventId": 301
    },
    {
        "hes": "Crystal",
        "slaId": 316482,
        "meterId": "AS9006838",
        "meterTimeStamp": "2026-01-09T13:31:55+00:00",
        "serverTimeStamp": "2026-01-09T13:32:01+00:00",
        "eventId": 302
    },
    {
        "hes": "Crystal",
        "slaId": 316495,
        "meterId": "AS9006838",
        "meterTimeStamp": "2026-01-09T13:34:56+00:00",
        "serverTimeStamp": "2026-01-09T13:35:02+00:00",
        "eventId": 301
    },
    {
        "hes": "Crystal",
        "slaId": 316507,
        "meterId": "AS9006838",
        "meterTimeStamp": "2026-01-09T13:38:15+00:00",
        "serverTimeStamp": "2026-01-09T13:38:21+00:00",
        "eventId": 302
    },
    {
        "hes": "Crystal",
        "slaId": 316516,
        "meterId": "AS9006838",
        "meterTimeStamp": "2026-01-09T13:41:16+00:00",
        "serverTimeStamp": "2026-01-09T13:41:22+00:00",
        "eventId": 301
    },
    {
        "hes": "Crystal",
        "slaId": 316522,
        "meterId": "AS9006838",
        "meterTimeStamp": "2026-01-09T13:44:35+00:00",
        "serverTimeStamp": "2026-01-09T13:44:41+00:00",
        "eventId": 302
    },
    {
        "hes": "Crystal",
        "slaId": 316530,
        "meterId": "AS9006838",
        "meterTimeStamp": "2026-01-09T13:47:36+00:00",
        "serverTimeStamp": "2026-01-09T13:47:42+00:00",
        "eventId": 301
    },
    {
        "hes": "Crystal",
        "slaId": 316602,
        "meterId": "AS9006838",
        "meterTimeStamp": "2026-01-09T14:17:35+00:00",
        "serverTimeStamp": "2026-01-09T14:17:41+00:00",
        "eventId": 302
    },
    {
        "hes": "Crystal",
        "slaId": 316618,
        "meterId": "AS9006838",
        "meterTimeStamp": "2026-01-09T14:20:36+00:00",
        "serverTimeStamp": "2026-01-09T14:20:42+00:00",
        "eventId": 301
    },
    {
        "hes": "Crystal",
        "slaId": 316636,
        "meterId": "AS9006838",
        "meterTimeStamp": "2026-01-09T14:23:55+00:00",
        "serverTimeStamp": "2026-01-09T14:24:01+00:00",
        "eventId": 302
    },
    {
        "hes": "Crystal",
        "slaId": 316645,
        "meterId": "AS9006838",
        "meterTimeStamp": "2026-01-09T14:26:56+00:00",
        "serverTimeStamp": "2026-01-09T14:27:02+00:00",
        "eventId": 301
    },
    {
        "hes": "Crystal",
        "slaId": 316655,
        "meterId": "AS9006838",
        "meterTimeStamp": "2026-01-09T14:30:15+00:00",
        "serverTimeStamp": "2026-01-09T14:30:21+00:00",
        "eventId": 302
    },
    {
        "hes": "Crystal",
        "slaId": 316664,
        "meterId": "AS9006838",
        "meterTimeStamp": "2026-01-09T14:33:16+00:00",
        "serverTimeStamp": "2026-01-09T14:33:22+00:00",
        "eventId": 301
    },
    {
        "hes": "Crystal",
        "slaId": 316684,
        "meterId": "AS9006838",
        "meterTimeStamp": "2026-01-09T14:36:35+00:00",
        "serverTimeStamp": "2026-01-09T14:36:41+00:00",
        "eventId": 302
    },
    {
        "hes": "Crystal",
        "slaId": 316694,
        "meterId": "AS9006838",
        "meterTimeStamp": "2026-01-09T14:39:36+00:00",
        "serverTimeStamp": "2026-01-09T14:39:42+00:00",
        "eventId": 301
    },
    {
        "hes": "Crystal",
        "slaId": 316718,
        "meterId": "AS9006838",
        "meterTimeStamp": "2026-01-09T14:42:55+00:00",
        "serverTimeStamp": "2026-01-09T14:43:01+00:00",
        "eventId": 302
    },
    {
        "hes": "Crystal",
        "slaId": 316730,
        "meterId": "AS9006838",
        "meterTimeStamp": "2026-01-09T14:45:56+00:00",
        "serverTimeStamp": "2026-01-09T14:46:02+00:00",
        "eventId": 301
    },
    {
        "hes": "Crystal",
        "slaId": 316743,
        "meterId": "AS9006838",
        "meterTimeStamp": "2026-01-09T14:49:15+00:00",
        "serverTimeStamp": "2026-01-09T14:49:21+00:00",
        "eventId": 302
    },
    {
        "hes": "Crystal",
        "slaId": 316753,
        "meterId": "AS9006838",
        "meterTimeStamp": "2026-01-09T14:52:16+00:00",
        "serverTimeStamp": "2026-01-09T14:52:22+00:00",
        "eventId": 301
    },
    {
        "hes": "Crystal",
        "slaId": 316842,
        "meterId": "AS9006838",
        "meterTimeStamp": "2026-01-09T15:22:15+00:00",
        "serverTimeStamp": "2026-01-09T15:22:21+00:00",
        "eventId": 302
    },
    {
        "hes": "Crystal",
        "slaId": 316850,
        "meterId": "AS9006838",
        "meterTimeStamp": "2026-01-09T15:25:16+00:00",
        "serverTimeStamp": "2026-01-09T15:25:22+00:00",
        "eventId": 301
    },
    {
        "hes": "Crystal",
        "slaId": 316868,
        "meterId": "AS9006838",
        "meterTimeStamp": "2026-01-09T15:28:35+00:00",
        "serverTimeStamp": "2026-01-09T15:28:41+00:00",
        "eventId": 302
    },
    {
        "hes": "Crystal",
        "slaId": 316877,
        "meterId": "AS9006838",
        "meterTimeStamp": "2026-01-09T15:31:37+00:00",
        "serverTimeStamp": "2026-01-09T15:31:43+00:00",
        "eventId": 301
    },
    {
        "hes": "Crystal",
        "slaId": 316889,
        "meterId": "AS9006838",
        "meterTimeStamp": "2026-01-09T15:34:56+00:00",
        "serverTimeStamp": "2026-01-09T15:35:02+00:00",
        "eventId": 302
    },
    {
        "hes": "Crystal",
        "slaId": 316902,
        "meterId": "AS9006838",
        "meterTimeStamp": "2026-01-09T15:37:57+00:00",
        "serverTimeStamp": "2026-01-09T15:38:03+00:00",
        "eventId": 301
    },
    {
        "hes": "Crystal",
        "slaId": 316914,
        "meterId": "AS9006838",
        "meterTimeStamp": "2026-01-09T15:41:16+00:00",
        "serverTimeStamp": "2026-01-09T15:41:22+00:00",
        "eventId": 302
    },
    {
        "hes": "Crystal",
        "slaId": 316929,
        "meterId": "AS9006838",
        "meterTimeStamp": "2026-01-09T15:44:17+00:00",
        "serverTimeStamp": "2026-01-09T15:44:23+00:00",
        "eventId": 301
    },
    {
        "hes": "Crystal",
        "slaId": 317008,
        "meterId": "AS9006838",
        "meterTimeStamp": "2026-01-09T15:47:36+00:00",
        "serverTimeStamp": "2026-01-09T15:47:44+00:00",
        "eventId": 302
    },
    {
        "hes": "Crystal",
        "slaId": 317018,
        "meterId": "AS9006838",
        "meterTimeStamp": "2026-01-09T15:50:37+00:00",
        "serverTimeStamp": "2026-01-09T15:50:45+00:00",
        "eventId": 301
    },
    {
        "hes": "Crystal",
        "slaId": 317036,
        "meterId": "AS9006838",
        "meterTimeStamp": "2026-01-09T15:53:56+00:00",
        "serverTimeStamp": "2026-01-09T15:54:02+00:00",
        "eventId": 302
    },
    {
        "hes": "Crystal",
        "slaId": 317051,
        "meterId": "AS9006838",
        "meterTimeStamp": "2026-01-09T15:56:57+00:00",
        "serverTimeStamp": "2026-01-09T15:57:03+00:00",
        "eventId": 301
    },
    {
        "hes": "Crystal",
        "slaId": 317183,
        "meterId": "AS9006838",
        "meterTimeStamp": "2026-01-09T16:26:56+00:00",
        "serverTimeStamp": "2026-01-09T16:27:02+00:00",
        "eventId": 302
    },
    {
        "hes": "Crystal",
        "slaId": 317196,
        "meterId": "AS9006838",
        "meterTimeStamp": "2026-01-09T16:29:57+00:00",
        "serverTimeStamp": "2026-01-09T16:30:04+00:00",
        "eventId": 301
    },
    {
        "hes": "Crystal",
        "slaId": 317220,
        "meterId": "AS9006838",
        "meterTimeStamp": "2026-01-09T16:33:16+00:00",
        "serverTimeStamp": "2026-01-09T16:33:22+00:00",
        "eventId": 302
    },
    {
        "hes": "Crystal",
        "slaId": 317229,
        "meterId": "AS9006838",
        "meterTimeStamp": "2026-01-09T16:36:17+00:00",
        "serverTimeStamp": "2026-01-09T16:36:23+00:00",
        "eventId": 301
    },
    {
        "hes": "Crystal",
        "slaId": 317234,
        "meterId": "AS9006838",
        "meterTimeStamp": "2026-01-09T16:39:36+00:00",
        "serverTimeStamp": "2026-01-09T16:39:42+00:00",
        "eventId": 302
    },
    {
        "hes": "Crystal",
        "slaId": 317241,
        "meterId": "AS9006838",
        "meterTimeStamp": "2026-01-09T16:42:37+00:00",
        "serverTimeStamp": "2026-01-09T16:42:43+00:00",
        "eventId": 301
    },
    {
        "hes": "Crystal",
        "slaId": 317251,
        "meterId": "AS9006838",
        "meterTimeStamp": "2026-01-09T16:45:56+00:00",
        "serverTimeStamp": "2026-01-09T16:46:02+00:00",
        "eventId": 302
    },
    {
        "hes": "Crystal",
        "slaId": 317262,
        "meterId": "AS9006838",
        "meterTimeStamp": "2026-01-09T16:48:57+00:00",
        "serverTimeStamp": "2026-01-09T16:49:03+00:00",
        "eventId": 301
    },
    {
        "hes": "Crystal",
        "slaId": 317277,
        "meterId": "AS9006838",
        "meterTimeStamp": "2026-01-09T16:52:16+00:00",
        "serverTimeStamp": "2026-01-09T16:52:22+00:00",
        "eventId": 302
    },
    {
        "hes": "Crystal",
        "slaId": 317289,
        "meterId": "AS9006838",
        "meterTimeStamp": "2026-01-09T16:55:17+00:00",
        "serverTimeStamp": "2026-01-09T16:55:23+00:00",
        "eventId": 301
    },
    {
        "hes": "Crystal",
        "slaId": 317355,
        "meterId": "AS9006838",
        "meterTimeStamp": "2026-01-09T17:15:46+00:00",
        "serverTimeStamp": "2026-01-09T17:17:01+00:00",
        "eventId": 102
    },
    {
        "hes": "Crystal",
        "slaId": 317358,
        "meterId": "AS9006838",
        "meterTimeStamp": "2026-01-09T17:15:46+00:00",
        "serverTimeStamp": "2026-01-09T17:17:04+00:00",
        "eventId": 216
    },
    {
        "hes": "Crystal",
        "slaId": 317360,
        "meterId": "AS9006838",
        "meterTimeStamp": "2026-01-09T17:15:47+00:00",
        "serverTimeStamp": "2026-01-09T17:17:07+00:00",
        "eventId": 302
    },
    {
        "hes": "Crystal",
        "slaId": 317365,
        "meterId": "AS9006838",
        "meterTimeStamp": "2026-01-09T17:18:49+00:00",
        "serverTimeStamp": "2026-01-09T17:18:53+00:00",
        "eventId": 215
    },
    {
        "hes": "Crystal",
        "slaId": 317367,
        "meterId": "AS9006838",
        "meterTimeStamp": "2026-01-09T17:18:50+00:00",
        "serverTimeStamp": "2026-01-09T17:18:58+00:00",
        "eventId": 301
    },
    {
        "hes": "Crystal",
        "slaId": 317381,
        "meterId": "AS9006838",
        "meterTimeStamp": "2026-01-09T17:22:09+00:00",
        "serverTimeStamp": "2026-01-09T17:22:15+00:00",
        "eventId": 302
    },
    {
        "hes": "Crystal",
        "slaId": 317392,
        "meterId": "AS9006838",
        "meterTimeStamp": "2026-01-09T17:25:10+00:00",
        "serverTimeStamp": "2026-01-09T17:25:16+00:00",
        "eventId": 301
    },
    {
        "hes": "Crystal",
        "slaId": 317400,
        "meterId": "AS9006838",
        "meterTimeStamp": "2026-01-09T17:28:29+00:00",
        "serverTimeStamp": "2026-01-09T17:28:35+00:00",
        "eventId": 302
    },
    {
        "hes": "Crystal",
        "slaId": 317409,
        "meterId": "AS9006838",
        "meterTimeStamp": "2026-01-09T17:31:30+00:00",
        "serverTimeStamp": "2026-01-09T17:31:36+00:00",
        "eventId": 301
    },
    {
        "hes": "Crystal",
        "slaId": 317417,
        "meterId": "AS9006838",
        "meterTimeStamp": "2026-01-09T17:34:49+00:00",
        "serverTimeStamp": "2026-01-09T17:34:55+00:00",
        "eventId": 302
    },
    {
        "hes": "Crystal",
        "slaId": 317425,
        "meterId": "AS9006838",
        "meterTimeStamp": "2026-01-09T17:37:50+00:00",
        "serverTimeStamp": "2026-01-09T17:37:56+00:00",
        "eventId": 301
    },
    {
        "hes": "Crystal",
        "slaId": 317431,
        "meterId": "AS9006838",
        "meterTimeStamp": "2026-01-09T17:41:09+00:00",
        "serverTimeStamp": "2026-01-09T17:41:15+00:00",
        "eventId": 302
    },
    {
        "hes": "Crystal",
        "slaId": 317437,
        "meterId": "AS9006838",
        "meterTimeStamp": "2026-01-09T17:44:10+00:00",
        "serverTimeStamp": "2026-01-09T17:44:16+00:00",
        "eventId": 301
    },
    {
        "hes": "Crystal",
        "slaId": 317441,
        "meterId": "AS9006838",
        "meterTimeStamp": "2026-01-09T17:47:29+00:00",
        "serverTimeStamp": "2026-01-09T17:47:35+00:00",
        "eventId": 302
    },
    {
        "hes": "Crystal",
        "slaId": 317445,
        "meterId": "AS9006838",
        "meterTimeStamp": "2026-01-09T17:50:30+00:00",
        "serverTimeStamp": "2026-01-09T17:50:36+00:00",
        "eventId": 301
    },
    {
        "hes": "Crystal",
        "slaId": 317459,
        "meterId": "AS9006838",
        "meterTimeStamp": "2026-01-09T17:57:13+00:00",
        "serverTimeStamp": "2026-01-09T17:58:26+00:00",
        "eventId": 302
    },
    {
        "hes": "Crystal",
        "slaId": 317466,
        "meterId": "AS9006838",
        "meterTimeStamp": "2026-01-09T18:00:22+00:00",
        "serverTimeStamp": "2026-01-09T18:00:26+00:00",
        "eventId": 215
    },
    {
        "hes": "Crystal",
        "slaId": 317467,
        "meterId": "AS9006838",
        "meterTimeStamp": "2026-01-09T18:00:23+00:00",
        "serverTimeStamp": "2026-01-09T18:00:31+00:00",
        "eventId": 301
    },
    {
        "hes": "Crystal",
        "slaId": 317477,
        "meterId": "AS9006838",
        "meterTimeStamp": "2026-01-09T18:03:42+00:00",
        "serverTimeStamp": "2026-01-09T18:03:48+00:00",
        "eventId": 302
    },
    {
        "hes": "Crystal",
        "slaId": 317486,
        "meterId": "AS9006838",
        "meterTimeStamp": "2026-01-09T18:06:43+00:00",
        "serverTimeStamp": "2026-01-09T18:06:49+00:00",
        "eventId": 301
    },
    {
        "hes": "Crystal",
        "slaId": 317496,
        "meterId": "AS9006838",
        "meterTimeStamp": "2026-01-09T18:10:02+00:00",
        "serverTimeStamp": "2026-01-09T18:10:08+00:00",
        "eventId": 302
    },
    {
        "hes": "Crystal",
        "slaId": 317509,
        "meterId": "AS9006838",
        "meterTimeStamp": "2026-01-09T18:13:03+00:00",
        "serverTimeStamp": "2026-01-09T18:13:09+00:00",
        "eventId": 301
    },
    {
        "hes": "Crystal",
        "slaId": 317529,
        "meterId": "AS9006838",
        "meterTimeStamp": "2026-01-09T18:16:22+00:00",
        "serverTimeStamp": "2026-01-09T18:16:28+00:00",
        "eventId": 302
    },
    {
        "hes": "Crystal",
        "slaId": 317544,
        "meterId": "AS9006838",
        "meterTimeStamp": "2026-01-09T18:19:23+00:00",
        "serverTimeStamp": "2026-01-09T18:19:29+00:00",
        "eventId": 301
    },
    {
        "hes": "Crystal",
        "slaId": 317556,
        "meterId": "AS9006838",
        "meterTimeStamp": "2026-01-09T18:22:42+00:00",
        "serverTimeStamp": "2026-01-09T18:22:48+00:00",
        "eventId": 302
    },
    {
        "hes": "Crystal",
        "slaId": 317567,
        "meterId": "AS9006838",
        "meterTimeStamp": "2026-01-09T18:25:43+00:00",
        "serverTimeStamp": "2026-01-09T18:25:49+00:00",
        "eventId": 301
    },
    {
        "hes": "Crystal",
        "slaId": 317576,
        "meterId": "AS9006838",
        "meterTimeStamp": "2026-01-09T18:29:02+00:00",
        "serverTimeStamp": "2026-01-09T18:29:08+00:00",
        "eventId": 302
    },
    {
        "hes": "Crystal",
        "slaId": 317583,
        "meterId": "AS9006838",
        "meterTimeStamp": "2026-01-09T18:32:03+00:00",
        "serverTimeStamp": "2026-01-09T18:32:09+00:00",
        "eventId": 301
    },
    {
        "hes": "Crystal",
        "slaId": 317659,
        "meterId": "AS9006838",
        "meterTimeStamp": "2026-01-09T19:02:02+00:00",
        "serverTimeStamp": "2026-01-09T19:02:08+00:00",
        "eventId": 302
    },
    {
        "hes": "Crystal",
        "slaId": 317665,
        "meterId": "AS9006838",
        "meterTimeStamp": "2026-01-09T19:05:03+00:00",
        "serverTimeStamp": "2026-01-09T19:05:09+00:00",
        "eventId": 301
    },
    {
        "hes": "Crystal",
        "slaId": 317671,
        "meterId": "AS9006838",
        "meterTimeStamp": "2026-01-09T19:08:22+00:00",
        "serverTimeStamp": "2026-01-09T19:08:28+00:00",
        "eventId": 302
    },
    {
        "hes": "Crystal",
        "slaId": 317675,
        "meterId": "AS9006838",
        "meterTimeStamp": "2026-01-09T19:11:23+00:00",
        "serverTimeStamp": "2026-01-09T19:11:29+00:00",
        "eventId": 301
    },
    {
        "hes": "Crystal",
        "slaId": 317680,
        "meterId": "AS9006838",
        "meterTimeStamp": "2026-01-09T19:14:42+00:00",
        "serverTimeStamp": "2026-01-09T19:14:48+00:00",
        "eventId": 302
    },
    {
        "hes": "Crystal",
        "slaId": 317685,
        "meterId": "AS9006838",
        "meterTimeStamp": "2026-01-09T19:17:43+00:00",
        "serverTimeStamp": "2026-01-09T19:17:49+00:00",
        "eventId": 301
    },
    {
        "hes": "Crystal",
        "slaId": 317691,
        "meterId": "AS9006838",
        "meterTimeStamp": "2026-01-09T19:21:02+00:00",
        "serverTimeStamp": "2026-01-09T19:21:08+00:00",
        "eventId": 302
    },
    {
        "hes": "Crystal",
        "slaId": 317697,
        "meterId": "AS9006838",
        "meterTimeStamp": "2026-01-09T19:24:02+00:00",
        "serverTimeStamp": "2026-01-09T19:24:08+00:00",
        "eventId": 301
    },
    {
        "hes": "Crystal",
        "slaId": 317703,
        "meterId": "AS9006838",
        "meterTimeStamp": "2026-01-09T19:27:21+00:00",
        "serverTimeStamp": "2026-01-09T19:27:27+00:00",
        "eventId": 302
    },
    {
        "hes": "Crystal",
        "slaId": 317714,
        "meterId": "AS9006838",
        "meterTimeStamp": "2026-01-09T19:30:22+00:00",
        "serverTimeStamp": "2026-01-09T19:30:28+00:00",
        "eventId": 301
    },
    {
        "hes": "Crystal",
        "slaId": 317725,
        "meterId": "AS9006838",
        "meterTimeStamp": "2026-01-09T19:33:41+00:00",
        "serverTimeStamp": "2026-01-09T19:33:47+00:00",
        "eventId": 302
    },
    {
        "hes": "Crystal",
        "slaId": 317733,
        "meterId": "AS9006838",
        "meterTimeStamp": "2026-01-09T19:36:42+00:00",
        "serverTimeStamp": "2026-01-09T19:36:48+00:00",
        "eventId": 301
    },
    {
        "hes": "Crystal",
        "slaId": 317829,
        "meterId": "AS9006838",
        "meterTimeStamp": "2026-01-09T20:06:41+00:00",
        "serverTimeStamp": "2026-01-09T20:06:47+00:00",
        "eventId": 302
    },
    {
        "hes": "Crystal",
        "slaId": 317835,
        "meterId": "AS9006838",
        "meterTimeStamp": "2026-01-09T20:09:42+00:00",
        "serverTimeStamp": "2026-01-09T20:09:48+00:00",
        "eventId": 301
    },
    {
        "hes": "Crystal",
        "slaId": 317846,
        "meterId": "AS9006838",
        "meterTimeStamp": "2026-01-09T20:13:01+00:00",
        "serverTimeStamp": "2026-01-09T20:13:07+00:00",
        "eventId": 302
    },
    {
        "hes": "Crystal",
        "slaId": 317853,
        "meterId": "AS9006838",
        "meterTimeStamp": "2026-01-09T20:16:02+00:00",
        "serverTimeStamp": "2026-01-09T20:16:08+00:00",
        "eventId": 301
    },
    {
        "hes": "Crystal",
        "slaId": 317860,
        "meterId": "AS9006838",
        "meterTimeStamp": "2026-01-09T20:19:21+00:00",
        "serverTimeStamp": "2026-01-09T20:19:27+00:00",
        "eventId": 302
    },
    {
        "hes": "Crystal",
        "slaId": 317868,
        "meterId": "AS9006838",
        "meterTimeStamp": "2026-01-09T20:22:22+00:00",
        "serverTimeStamp": "2026-01-09T20:22:28+00:00",
        "eventId": 301
    },
    {
        "hes": "Crystal",
        "slaId": 317874,
        "meterId": "AS9006838",
        "meterTimeStamp": "2026-01-09T20:25:41+00:00",
        "serverTimeStamp": "2026-01-09T20:25:47+00:00",
        "eventId": 302
    },
    {
        "hes": "Crystal",
        "slaId": 317881,
        "meterId": "AS9006838",
        "meterTimeStamp": "2026-01-09T20:28:42+00:00",
        "serverTimeStamp": "2026-01-09T20:28:48+00:00",
        "eventId": 301
    },
    {
        "hes": "Crystal",
        "slaId": 317889,
        "meterId": "AS9006838",
        "meterTimeStamp": "2026-01-09T20:32:01+00:00",
        "serverTimeStamp": "2026-01-09T20:32:07+00:00",
        "eventId": 302
    },
    {
        "hes": "Crystal",
        "slaId": 317898,
        "meterId": "AS9006838",
        "meterTimeStamp": "2026-01-09T20:35:02+00:00",
        "serverTimeStamp": "2026-01-09T20:35:08+00:00",
        "eventId": 301
    },
    {
        "hes": "Crystal",
        "slaId": 317909,
        "meterId": "AS9006838",
        "meterTimeStamp": "2026-01-09T20:38:21+00:00",
        "serverTimeStamp": "2026-01-09T20:38:27+00:00",
        "eventId": 302
    },
    {
        "hes": "Crystal",
        "slaId": 317918,
        "meterId": "AS9006838",
        "meterTimeStamp": "2026-01-09T20:41:22+00:00",
        "serverTimeStamp": "2026-01-09T20:41:28+00:00",
        "eventId": 301
    },
    {
        "hes": "Crystal",
        "slaId": 318004,
        "meterId": "AS9006838",
        "meterTimeStamp": "2026-01-09T21:11:21+00:00",
        "serverTimeStamp": "2026-01-09T21:11:27+00:00",
        "eventId": 302
    },
    {
        "hes": "Crystal",
        "slaId": 318015,
        "meterId": "AS9006838",
        "meterTimeStamp": "2026-01-09T21:14:22+00:00",
        "serverTimeStamp": "2026-01-09T21:14:28+00:00",
        "eventId": 301
    },
    {
        "hes": "Crystal",
        "slaId": 318025,
        "meterId": "AS9006838",
        "meterTimeStamp": "2026-01-09T21:17:41+00:00",
        "serverTimeStamp": "2026-01-09T21:17:47+00:00",
        "eventId": 302
    },
    {
        "hes": "Crystal",
        "slaId": 318037,
        "meterId": "AS9006838",
        "meterTimeStamp": "2026-01-09T21:20:42+00:00",
        "serverTimeStamp": "2026-01-09T21:20:48+00:00",
        "eventId": 301
    },
    {
        "hes": "Crystal",
        "slaId": 318045,
        "meterId": "AS9006838",
        "meterTimeStamp": "2026-01-09T21:24:01+00:00",
        "serverTimeStamp": "2026-01-09T21:24:07+00:00",
        "eventId": 302
    },
    {
        "hes": "Crystal",
        "slaId": 318055,
        "meterId": "AS9006838",
        "meterTimeStamp": "2026-01-09T21:27:02+00:00",
        "serverTimeStamp": "2026-01-09T21:27:08+00:00",
        "eventId": 301
    },
    {
        "hes": "Crystal",
        "slaId": 318065,
        "meterId": "AS9006838",
        "meterTimeStamp": "2026-01-09T21:30:21+00:00",
        "serverTimeStamp": "2026-01-09T21:30:27+00:00",
        "eventId": 302
    },
    {
        "hes": "Crystal",
        "slaId": 318071,
        "meterId": "AS9006838",
        "meterTimeStamp": "2026-01-09T21:33:22+00:00",
        "serverTimeStamp": "2026-01-09T21:33:28+00:00",
        "eventId": 301
    },
    {
        "hes": "Crystal",
        "slaId": 318079,
        "meterId": "AS9006838",
        "meterTimeStamp": "2026-01-09T21:36:41+00:00",
        "serverTimeStamp": "2026-01-09T21:36:47+00:00",
        "eventId": 302
    },
    {
        "hes": "Crystal",
        "slaId": 318083,
        "meterId": "AS9006838",
        "meterTimeStamp": "2026-01-09T21:39:41+00:00",
        "serverTimeStamp": "2026-01-09T21:39:47+00:00",
        "eventId": 301
    },
    {
        "hes": "Crystal",
        "slaId": 318086,
        "meterId": "AS9006838",
        "meterTimeStamp": "2026-01-09T21:43:00+00:00",
        "serverTimeStamp": "2026-01-09T21:43:06+00:00",
        "eventId": 302
    },
    {
        "hes": "Crystal",
        "slaId": 318090,
        "meterId": "AS9006838",
        "meterTimeStamp": "2026-01-09T21:46:01+00:00",
        "serverTimeStamp": "2026-01-09T21:46:07+00:00",
        "eventId": 301
    },
    {
        "hes": "Crystal",
        "slaId": 318158,
        "meterId": "AS9006838",
        "meterTimeStamp": "2026-01-09T22:16:00+00:00",
        "serverTimeStamp": "2026-01-09T22:16:06+00:00",
        "eventId": 302
    },
    {
        "hes": "Crystal",
        "slaId": 318171,
        "meterId": "AS9006838",
        "meterTimeStamp": "2026-01-09T22:19:01+00:00",
        "serverTimeStamp": "2026-01-09T22:19:07+00:00",
        "eventId": 301
    },
    {
        "hes": "Crystal",
        "slaId": 318181,
        "meterId": "AS9006838",
        "meterTimeStamp": "2026-01-09T22:22:20+00:00",
        "serverTimeStamp": "2026-01-09T22:22:26+00:00",
        "eventId": 302
    },
    {
        "hes": "Crystal",
        "slaId": 318190,
        "meterId": "AS9006838",
        "meterTimeStamp": "2026-01-09T22:25:21+00:00",
        "serverTimeStamp": "2026-01-09T22:25:27+00:00",
        "eventId": 301
    },
    {
        "hes": "Crystal",
        "slaId": 318202,
        "meterId": "AS9006838",
        "meterTimeStamp": "2026-01-09T22:28:40+00:00",
        "serverTimeStamp": "2026-01-09T22:28:46+00:00",
        "eventId": 302
    },
    {
        "hes": "Crystal",
        "slaId": 318212,
        "meterId": "AS9006838",
        "meterTimeStamp": "2026-01-09T22:31:41+00:00",
        "serverTimeStamp": "2026-01-09T22:31:47+00:00",
        "eventId": 301
    },
    {
        "hes": "Crystal",
        "slaId": 318221,
        "meterId": "AS9006838",
        "meterTimeStamp": "2026-01-09T22:35:00+00:00",
        "serverTimeStamp": "2026-01-09T22:35:06+00:00",
        "eventId": 302
    },
    {
        "hes": "Crystal",
        "slaId": 318228,
        "meterId": "AS9006838",
        "meterTimeStamp": "2026-01-09T22:38:01+00:00",
        "serverTimeStamp": "2026-01-09T22:38:07+00:00",
        "eventId": 301
    },
    {
        "hes": "Crystal",
        "slaId": 318233,
        "meterId": "AS9006838",
        "meterTimeStamp": "2026-01-09T22:41:20+00:00",
        "serverTimeStamp": "2026-01-09T22:41:26+00:00",
        "eventId": 302
    },
    {
        "hes": "Crystal",
        "slaId": 318240,
        "meterId": "AS9006838",
        "meterTimeStamp": "2026-01-09T22:44:21+00:00",
        "serverTimeStamp": "2026-01-09T22:44:27+00:00",
        "eventId": 301
    },
    {
        "hes": "Crystal",
        "slaId": 318244,
        "meterId": "AS9006838",
        "meterTimeStamp": "2026-01-09T22:47:40+00:00",
        "serverTimeStamp": "2026-01-09T22:47:46+00:00",
        "eventId": 302
    },
    {
        "hes": "Crystal",
        "slaId": 318252,
        "meterId": "AS9006838",
        "meterTimeStamp": "2026-01-09T22:50:41+00:00",
        "serverTimeStamp": "2026-01-09T22:50:47+00:00",
        "eventId": 301
    },
    {
        "hes": "Crystal",
        "slaId": 318309,
        "meterId": "AS9006838",
        "meterTimeStamp": "2026-01-09T23:20:40+00:00",
        "serverTimeStamp": "2026-01-09T23:20:46+00:00",
        "eventId": 302
    },
    {
        "hes": "Crystal",
        "slaId": 318318,
        "meterId": "AS9006838",
        "meterTimeStamp": "2026-01-09T23:23:41+00:00",
        "serverTimeStamp": "2026-01-09T23:23:47+00:00",
        "eventId": 301
    },
    {
        "hes": "Crystal",
        "slaId": 318326,
        "meterId": "AS9006838",
        "meterTimeStamp": "2026-01-09T23:27:00+00:00",
        "serverTimeStamp": "2026-01-09T23:27:06+00:00",
        "eventId": 302
    },
    {
        "hes": "Crystal",
        "slaId": 318334,
        "meterId": "AS9006838",
        "meterTimeStamp": "2026-01-09T23:30:01+00:00",
        "serverTimeStamp": "2026-01-09T23:30:09+00:00",
        "eventId": 301
    },
    {
        "hes": "Crystal",
        "slaId": 318340,
        "meterId": "AS9006838",
        "meterTimeStamp": "2026-01-09T23:33:20+00:00",
        "serverTimeStamp": "2026-01-09T23:33:26+00:00",
        "eventId": 302
    },
    {
        "hes": "Crystal",
        "slaId": 318350,
        "meterId": "AS9006838",
        "meterTimeStamp": "2026-01-09T23:36:21+00:00",
        "serverTimeStamp": "2026-01-09T23:36:27+00:00",
        "eventId": 301
    },
    {
        "hes": "Crystal",
        "slaId": 318362,
        "meterId": "AS9006838",
[...]
        "meterId": "AS9006838",
        "meterTimeStamp": "2026-01-16T01:33:22+00:00",
        "serverTimeStamp": "2026-01-16T01:33:28+00:00",
        "eventId": 302
    },
    {
        "hes": "Crystal",
        "slaId": 339319,
        "meterId": "AS9006838",
        "meterTimeStamp": "2026-01-16T01:36:23+00:00",
        "serverTimeStamp": "2026-01-16T01:36:30+00:00",
        "eventId": 301
    },
    {
        "hes": "Crystal",
        "slaId": 339329,
        "meterId": "AS9006838",
        "meterTimeStamp": "2026-01-16T01:39:42+00:00",
        "serverTimeStamp": "2026-01-16T01:39:48+00:00",
        "eventId": 302
    },
    {
        "hes": "Crystal",
        "slaId": 339339,
        "meterId": "AS9006838",
        "meterTimeStamp": "2026-01-16T01:42:43+00:00",
        "serverTimeStamp": "2026-01-16T01:42:49+00:00",
        "eventId": 301
    },
    {
        "hes": "Crystal",
        "slaId": 339350,
        "meterId": "AS9006838",
        "meterTimeStamp": "2026-01-16T01:46:02+00:00",
        "serverTimeStamp": "2026-01-16T01:46:08+00:00",
        "eventId": 302
    },
    {
        "hes": "Crystal",
        "slaId": 339358,
        "meterId": "AS9006838",
        "meterTimeStamp": "2026-01-16T01:49:03+00:00",
        "serverTimeStamp": "2026-01-16T01:49:10+00:00",
        "eventId": 301
    },
    {
        "hes": "Crystal",
        "slaId": 339370,
        "meterId": "AS9006838",
        "meterTimeStamp": "2026-01-16T01:52:22+00:00",
        "serverTimeStamp": "2026-01-16T01:52:29+00:00",
        "eventId": 302
    },
    {
        "hes": "Crystal",
        "slaId": 339379,
        "meterId": "AS9006838",
        "meterTimeStamp": "2026-01-16T01:55:23+00:00",
        "serverTimeStamp": "2026-01-16T01:55:29+00:00",
        "eventId": 301
    },
    {
        "hes": "Crystal",
        "slaId": 339393,
        "meterId": "AS9006838",
        "meterTimeStamp": "2026-01-16T01:58:42+00:00",
        "serverTimeStamp": "2026-01-16T01:58:48+00:00",
        "eventId": 302
    },
    {
        "hes": "Crystal",
        "slaId": 339402,
        "meterId": "AS9006838",
        "meterTimeStamp": "2026-01-16T02:01:43+00:00",
        "serverTimeStamp": "2026-01-16T02:01:49+00:00",
        "eventId": 301
    },
    {
        "hes": "Crystal",
        "slaId": 339410,
        "meterId": "AS9006838",
        "meterTimeStamp": "2026-01-16T02:05:02+00:00",
        "serverTimeStamp": "2026-01-16T02:05:09+00:00",
        "eventId": 302
    },
    {
        "hes": "Crystal",
        "slaId": 339417,
        "meterId": "AS9006838",
        "meterTimeStamp": "2026-01-16T02:08:03+00:00",
        "serverTimeStamp": "2026-01-16T02:08:10+00:00",
        "eventId": 301
    },
    {
        "hes": "Crystal",
        "slaId": 339483,
        "meterId": "AS9006838",
        "meterTimeStamp": "2026-01-16T02:38:02+00:00",
        "serverTimeStamp": "2026-01-16T02:38:09+00:00",
        "eventId": 302
    },
    {
        "hes": "Crystal",
        "slaId": 339496,
        "meterId": "AS9006838",
        "meterTimeStamp": "2026-01-16T02:41:03+00:00",
        "serverTimeStamp": "2026-01-16T02:41:10+00:00",
        "eventId": 301
    },
    {
        "hes": "Crystal",
        "slaId": 339509,
        "meterId": "AS9006838",
        "meterTimeStamp": "2026-01-16T02:44:22+00:00",
        "serverTimeStamp": "2026-01-16T02:44:28+00:00",
        "eventId": 302
    },
    {
        "hes": "Crystal",
        "slaId": 339520,
        "meterId": "AS9006838",
        "meterTimeStamp": "2026-01-16T02:47:23+00:00",
        "serverTimeStamp": "2026-01-16T02:47:30+00:00",
        "eventId": 301
    },
    {
        "hes": "Crystal",
        "slaId": 339532,
        "meterId": "AS9006838",
        "meterTimeStamp": "2026-01-16T02:50:42+00:00",
        "serverTimeStamp": "2026-01-16T02:50:48+00:00",
        "eventId": 302
    },
    {
        "hes": "Crystal",
        "slaId": 339541,
        "meterId": "AS9006838",
        "meterTimeStamp": "2026-01-16T02:53:43+00:00",
        "serverTimeStamp": "2026-01-16T02:53:49+00:00",
        "eventId": 301
    },
    {
        "hes": "Crystal",
        "slaId": 339553,
        "meterId": "AS9006838",
        "meterTimeStamp": "2026-01-16T02:57:02+00:00",
        "serverTimeStamp": "2026-01-16T02:57:09+00:00",
        "eventId": 302
    },
    {
        "hes": "Crystal",
        "slaId": 339565,
        "meterId": "AS9006838",
        "meterTimeStamp": "2026-01-16T03:00:03+00:00",
        "serverTimeStamp": "2026-01-16T03:00:10+00:00",
        "eventId": 301
    },
    {
        "hes": "Crystal",
        "slaId": 339572,
        "meterId": "AS9006838",
        "meterTimeStamp": "2026-01-16T03:03:22+00:00",
        "serverTimeStamp": "2026-01-16T03:03:29+00:00",
        "eventId": 302
    },
    {
        "hes": "Crystal",
        "slaId": 339580,
        "meterId": "AS9006838",
        "meterTimeStamp": "2026-01-16T03:06:23+00:00",
        "serverTimeStamp": "2026-01-16T03:06:30+00:00",
        "eventId": 301
    },
    {
        "hes": "Crystal",
        "slaId": 339589,
        "meterId": "AS9006838",
        "meterTimeStamp": "2026-01-16T03:09:42+00:00",
        "serverTimeStamp": "2026-01-16T03:09:49+00:00",
        "eventId": 302
    },
    {
        "hes": "Crystal",
        "slaId": 339598,
        "meterId": "AS9006838",
        "meterTimeStamp": "2026-01-16T03:12:43+00:00",
        "serverTimeStamp": "2026-01-16T03:12:49+00:00",
        "eventId": 301
    },
    {
        "hes": "Crystal",
        "slaId": 339663,
        "meterId": "AS9006838",
        "meterTimeStamp": "2026-01-16T03:42:42+00:00",
        "serverTimeStamp": "2026-01-16T03:42:48+00:00",
        "eventId": 302
    },
    {
        "hes": "Crystal",
        "slaId": 339674,
        "meterId": "AS9006838",
        "meterTimeStamp": "2026-01-16T03:45:43+00:00",
        "serverTimeStamp": "2026-01-16T03:45:49+00:00",
        "eventId": 301
    },
    {
        "hes": "Crystal",
        "slaId": 339684,
        "meterId": "AS9006838",
        "meterTimeStamp": "2026-01-16T03:49:02+00:00",
        "serverTimeStamp": "2026-01-16T03:49:09+00:00",
        "eventId": 302
    },
    {
        "hes": "Crystal",
        "slaId": 339696,
        "meterId": "AS9006838",
        "meterTimeStamp": "2026-01-16T03:52:03+00:00",
        "serverTimeStamp": "2026-01-16T03:52:10+00:00",
        "eventId": 301
    },
    {
        "hes": "Crystal",
        "slaId": 339706,
        "meterId": "AS9006838",
        "meterTimeStamp": "2026-01-16T03:55:22+00:00",
        "serverTimeStamp": "2026-01-16T03:55:29+00:00",
        "eventId": 302
    },
    {
        "hes": "Crystal",
        "slaId": 339715,
        "meterId": "AS9006838",
        "meterTimeStamp": "2026-01-16T03:58:22+00:00",
        "serverTimeStamp": "2026-01-16T03:58:28+00:00",
        "eventId": 301
    },
    {
        "hes": "Crystal",
        "slaId": 339726,
        "meterId": "AS9006838",
        "meterTimeStamp": "2026-01-16T04:01:41+00:00",
        "serverTimeStamp": "2026-01-16T04:01:48+00:00",
        "eventId": 302
    },
    {
        "hes": "Crystal",
        "slaId": 339735,
        "meterId": "AS9006838",
        "meterTimeStamp": "2026-01-16T04:04:42+00:00",
        "serverTimeStamp": "2026-01-16T04:04:48+00:00",
        "eventId": 301
    },
    {
        "hes": "Crystal",
        "slaId": 339746,
        "meterId": "AS9006838",
        "meterTimeStamp": "2026-01-16T04:08:01+00:00",
        "serverTimeStamp": "2026-01-16T04:08:07+00:00",
        "eventId": 302
    },
    {
        "hes": "Crystal",
        "slaId": 339757,
        "meterId": "AS9006838",
        "meterTimeStamp": "2026-01-16T04:11:02+00:00",
        "serverTimeStamp": "2026-01-16T04:11:08+00:00",
        "eventId": 301
    },
    {
        "hes": "Crystal",
        "slaId": 339766,
        "meterId": "AS9006838",
        "meterTimeStamp": "2026-01-16T04:14:21+00:00",
        "serverTimeStamp": "2026-01-16T04:14:28+00:00",
        "eventId": 302
    },
    {
        "hes": "Crystal",
        "slaId": 339774,
        "meterId": "AS9006838",
        "meterTimeStamp": "2026-01-16T04:17:22+00:00",
        "serverTimeStamp": "2026-01-16T04:17:28+00:00",
        "eventId": 301
    },
    {
        "hes": "Crystal",
        "slaId": 339854,
        "meterId": "AS9006838",
        "meterTimeStamp": "2026-01-16T04:47:21+00:00",
        "serverTimeStamp": "2026-01-16T04:47:28+00:00",
        "eventId": 302
    },
    {
        "hes": "Crystal",
        "slaId": 339859,
        "meterId": "AS9006838",
        "meterTimeStamp": "2026-01-16T04:50:22+00:00",
        "serverTimeStamp": "2026-01-16T04:50:29+00:00",
        "eventId": 301
    },
    {
        "hes": "Crystal",
        "slaId": 339866,
        "meterId": "AS9006838",
        "meterTimeStamp": "2026-01-16T04:53:41+00:00",
        "serverTimeStamp": "2026-01-16T04:53:48+00:00",
        "eventId": 302
    },
    {
        "hes": "Crystal",
        "slaId": 339870,
        "meterId": "AS9006838",
        "meterTimeStamp": "2026-01-16T04:56:42+00:00",
        "serverTimeStamp": "2026-01-16T04:56:48+00:00",
        "eventId": 301
    },
    {
        "hes": "Crystal",
        "slaId": 339877,
        "meterId": "AS9006838",
        "meterTimeStamp": "2026-01-16T05:00:01+00:00",
        "serverTimeStamp": "2026-01-16T05:00:10+00:00",
        "eventId": 302
    },
    {
        "hes": "Crystal",
        "slaId": 339886,
        "meterId": "AS9006838",
        "meterTimeStamp": "2026-01-16T05:03:02+00:00",
        "serverTimeStamp": "2026-01-16T05:03:09+00:00",
        "eventId": 301
    },
    {
        "hes": "Crystal",
        "slaId": 339895,
        "meterId": "AS9006838",
        "meterTimeStamp": "2026-01-16T05:06:21+00:00",
        "serverTimeStamp": "2026-01-16T05:06:28+00:00",
        "eventId": 302
    },
    {
        "hes": "Crystal",
        "slaId": 339908,
        "meterId": "AS9006838",
        "meterTimeStamp": "2026-01-16T05:09:22+00:00",
        "serverTimeStamp": "2026-01-16T05:09:28+00:00",
        "eventId": 301
    },
    {
        "hes": "Crystal",
        "slaId": 339921,
        "meterId": "AS9006838",
        "meterTimeStamp": "2026-01-16T05:12:41+00:00",
        "serverTimeStamp": "2026-01-16T05:12:48+00:00",
        "eventId": 302
    },
    {
        "hes": "Crystal",
        "slaId": 339933,
        "meterId": "AS9006838",
        "meterTimeStamp": "2026-01-16T05:15:42+00:00",
        "serverTimeStamp": "2026-01-16T05:15:48+00:00",
        "eventId": 301
    },
    {
        "hes": "Crystal",
        "slaId": 339947,
        "meterId": "AS9006838",
        "meterTimeStamp": "2026-01-16T05:19:01+00:00",
        "serverTimeStamp": "2026-01-16T05:19:08+00:00",
        "eventId": 302
    },
    {
        "hes": "Crystal",
        "slaId": 339957,
        "meterId": "AS9006838",
        "meterTimeStamp": "2026-01-16T05:22:02+00:00",
        "serverTimeStamp": "2026-01-16T05:22:08+00:00",
        "eventId": 301
    },
    {
        "hes": "Crystal",
        "slaId": 340040,
        "meterId": "AS9006838",
        "meterTimeStamp": "2026-01-16T05:52:01+00:00",
        "serverTimeStamp": "2026-01-16T05:52:07+00:00",
        "eventId": 302
    },
    {
        "hes": "Crystal",
        "slaId": 340050,
        "meterId": "AS9006838",
        "meterTimeStamp": "2026-01-16T05:55:02+00:00",
        "serverTimeStamp": "2026-01-16T05:55:08+00:00",
        "eventId": 301
    },
    {
        "hes": "Crystal",
        "slaId": 340057,
        "meterId": "AS9006838",
        "meterTimeStamp": "2026-01-16T05:58:21+00:00",
        "serverTimeStamp": "2026-01-16T05:58:28+00:00",
        "eventId": 302
    },
    {
        "hes": "Crystal",
        "slaId": 340063,
        "meterId": "AS9006838",
        "meterTimeStamp": "2026-01-16T06:01:22+00:00",
        "serverTimeStamp": "2026-01-16T06:01:28+00:00",
        "eventId": 301
    },
    {
        "hes": "Crystal",
        "slaId": 340071,
        "meterId": "AS9006838",
        "meterTimeStamp": "2026-01-16T06:04:41+00:00",
        "serverTimeStamp": "2026-01-16T06:04:48+00:00",
        "eventId": 302
    },
    {
        "hes": "Crystal",
        "slaId": 340078,
        "meterId": "AS9006838",
        "meterTimeStamp": "2026-01-16T06:07:42+00:00",
        "serverTimeStamp": "2026-01-16T06:07:49+00:00",
        "eventId": 301
    },
    {
        "hes": "Crystal",
        "slaId": 340088,
        "meterId": "AS9006838",
        "meterTimeStamp": "2026-01-16T06:11:01+00:00",
        "serverTimeStamp": "2026-01-16T06:11:08+00:00",
        "eventId": 302
    },
    {
        "hes": "Crystal",
        "slaId": 340097,
        "meterId": "AS9006838",
        "meterTimeStamp": "2026-01-16T06:14:02+00:00",
        "serverTimeStamp": "2026-01-16T06:14:08+00:00",
        "eventId": 301
    },
    {
        "hes": "Crystal",
        "slaId": 340104,
        "meterId": "AS9006838",
        "meterTimeStamp": "2026-01-16T06:17:21+00:00",
        "serverTimeStamp": "2026-01-16T06:17:28+00:00",
        "eventId": 302
    },
    {
        "hes": "Crystal",
        "slaId": 340113,
        "meterId": "AS9006838",
        "meterTimeStamp": "2026-01-16T06:20:21+00:00",
        "serverTimeStamp": "2026-01-16T06:20:28+00:00",
        "eventId": 301
    },
    {
        "hes": "Crystal",
        "slaId": 340123,
        "meterId": "AS9006838",
        "meterTimeStamp": "2026-01-16T06:23:40+00:00",
        "serverTimeStamp": "2026-01-16T06:23:47+00:00",
        "eventId": 302
    },
    {
        "hes": "Crystal",
        "slaId": 340133,
        "meterId": "AS9006838",
        "meterTimeStamp": "2026-01-16T06:26:41+00:00",
        "serverTimeStamp": "2026-01-16T06:26:47+00:00",
        "eventId": 301
    },
    {
        "hes": "Crystal",
        "slaId": 340234,
        "meterId": "AS9006838",
        "meterTimeStamp": "2026-01-16T06:56:40+00:00",
        "serverTimeStamp": "2026-01-16T06:56:47+00:00",
        "eventId": 302
    },
    {
        "hes": "Crystal",
        "slaId": 340245,
        "meterId": "AS9006838",
        "meterTimeStamp": "2026-01-16T06:59:41+00:00",
        "serverTimeStamp": "2026-01-16T06:59:47+00:00",
        "eventId": 301
    },
    {
        "hes": "Crystal",
        "slaId": 340260,
        "meterId": "AS9006838",
        "meterTimeStamp": "2026-01-16T07:03:00+00:00",
        "serverTimeStamp": "2026-01-16T07:03:07+00:00",
        "eventId": 302
    },
    {
        "hes": "Crystal",
        "slaId": 340270,
        "meterId": "AS9006838",
        "meterTimeStamp": "2026-01-16T07:06:01+00:00",
        "serverTimeStamp": "2026-01-16T07:06:08+00:00",
        "eventId": 301
    },
    {
        "hes": "Crystal",
        "slaId": 340281,
        "meterId": "AS9006838",
        "meterTimeStamp": "2026-01-16T07:09:20+00:00",
        "serverTimeStamp": "2026-01-16T07:09:26+00:00",
        "eventId": 302
    },
    {
        "hes": "Crystal",
        "slaId": 340290,
        "meterId": "AS9006838",
        "meterTimeStamp": "2026-01-16T07:12:21+00:00",
        "serverTimeStamp": "2026-01-16T07:12:28+00:00",
        "eventId": 301
    },
    {
        "hes": "Crystal",
        "slaId": 340294,
        "meterId": "AS9006838",
        "meterTimeStamp": "2026-01-16T07:15:40+00:00",
        "serverTimeStamp": "2026-01-16T07:15:47+00:00",
        "eventId": 302
    },
    {
        "hes": "Crystal",
        "slaId": 340301,
        "meterId": "AS9006838",
        "meterTimeStamp": "2026-01-16T07:18:41+00:00",
        "serverTimeStamp": "2026-01-16T07:18:47+00:00",
        "eventId": 301
    },
    {
        "hes": "Crystal",
        "slaId": 340309,
        "meterId": "AS9006838",
        "meterTimeStamp": "2026-01-16T07:22:00+00:00",
        "serverTimeStamp": "2026-01-16T07:22:07+00:00",
        "eventId": 302
    },
    {
        "hes": "Crystal",
        "slaId": 340313,
        "meterId": "AS9006838",
        "meterTimeStamp": "2026-01-16T07:25:01+00:00",
        "serverTimeStamp": "2026-01-16T07:25:08+00:00",
        "eventId": 301
    },
    {
        "hes": "Crystal",
        "slaId": 340320,
        "meterId": "AS9006838",
        "meterTimeStamp": "2026-01-16T07:28:20+00:00",
        "serverTimeStamp": "2026-01-16T07:28:26+00:00",
        "eventId": 302
    },
    {
        "hes": "Crystal",
        "slaId": 340326,
        "meterId": "AS9006838",
        "meterTimeStamp": "2026-01-16T07:31:21+00:00",
        "serverTimeStamp": "2026-01-16T07:31:28+00:00",
        "eventId": 301
    },
    {
        "hes": "Crystal",
        "slaId": 340422,
        "meterId": "AS9006838",
        "meterTimeStamp": "2026-01-16T08:01:20+00:00",
        "serverTimeStamp": "2026-01-16T08:01:27+00:00",
        "eventId": 302
    },
    {
        "hes": "Crystal",
        "slaId": 340431,
        "meterId": "AS9006838",
        "meterTimeStamp": "2026-01-16T08:04:21+00:00",
        "serverTimeStamp": "2026-01-16T08:04:28+00:00",
        "eventId": 301
    },
    {
        "hes": "Crystal",
        "slaId": 340440,
        "meterId": "AS9006838",
        "meterTimeStamp": "2026-01-16T08:07:40+00:00",
        "serverTimeStamp": "2026-01-16T08:07:47+00:00",
        "eventId": 302
    },
    {
        "hes": "Crystal",
        "slaId": 340449,
        "meterId": "AS9006838",
        "meterTimeStamp": "2026-01-16T08:10:41+00:00",
        "serverTimeStamp": "2026-01-16T08:10:47+00:00",
        "eventId": 301
    },
    {
        "hes": "Crystal",
        "slaId": 340458,
        "meterId": "AS9006838",
        "meterTimeStamp": "2026-01-16T08:14:00+00:00",
        "serverTimeStamp": "2026-01-16T08:14:07+00:00",
        "eventId": 302
    },
    {
        "hes": "Crystal",
        "slaId": 340467,
        "meterId": "AS9006838",
        "meterTimeStamp": "2026-01-16T08:17:01+00:00",
        "serverTimeStamp": "2026-01-16T08:17:08+00:00",
        "eventId": 301
    },
    {
        "hes": "Crystal",
        "slaId": 340476,
        "meterId": "AS9006838",
        "meterTimeStamp": "2026-01-16T08:20:20+00:00",
        "serverTimeStamp": "2026-01-16T08:20:27+00:00",
        "eventId": 302
    },
    {
        "hes": "Crystal",
        "slaId": 340485,
        "meterId": "AS9006838",
        "meterTimeStamp": "2026-01-16T08:23:21+00:00",
        "serverTimeStamp": "2026-01-16T08:23:28+00:00",
        "eventId": 301
    },
    {
        "hes": "Crystal",
        "slaId": 340495,
        "meterId": "AS9006838",
        "meterTimeStamp": "2026-01-16T08:26:40+00:00",
        "serverTimeStamp": "2026-01-16T08:26:47+00:00",
        "eventId": 302
    },
    {
        "hes": "Crystal",
        "slaId": 340505,
        "meterId": "AS9006838",
        "meterTimeStamp": "2026-01-16T08:29:41+00:00",
        "serverTimeStamp": "2026-01-16T08:29:47+00:00",
        "eventId": 301
    },
    {
        "hes": "Crystal",
        "slaId": 340512,
        "meterId": "AS9006838",
        "meterTimeStamp": "2026-01-16T08:33:00+00:00",
        "serverTimeStamp": "2026-01-16T08:33:07+00:00",
        "eventId": 302
    },
    {
        "hes": "Crystal",
        "slaId": 340519,
        "meterId": "AS9006838",
        "meterTimeStamp": "2026-01-16T08:36:01+00:00",
        "serverTimeStamp": "2026-01-16T08:36:08+00:00",
        "eventId": 301
    },
    {
        "hes": "Crystal",
        "slaId": 340788,
        "meterId": "AP16003446",
        "meterTimeStamp": "2026-01-16T19:33:18+00:00",
        "serverTimeStamp": "2026-01-16T19:40:00+00:00",
        "eventId": 251
    },
    {
        "hes": "Crystal",
        "slaId": 340789,
        "meterId": "AP16003446",
        "meterTimeStamp": "2026-01-16T17:33:53+00:00",
        "serverTimeStamp": "2026-01-16T17:40:00+00:00",
        "eventId": 251
    },
    {
        "hes": "Crystal",
        "slaId": 340791,
        "meterId": "AS9006219",
        "meterTimeStamp": "2026-01-16T19:33:18+00:00",
        "serverTimeStamp": "2026-01-16T19:40:00+00:00",
        "eventId": 251
    }
]
]]></system-out>
  </testcase>
</testsuite>