<?xml version="1.0" encoding="UTF-8"?>
<testng-results ignored="0" total="2" passed="2" failed="0" skipped="0">
  <reporter-output>
  </reporter-output>
  <suite started-at="2026-02-22T22:32:19 IST" name="API Automation Suite" finished-at="2026-02-22T22:32:22 IST" duration-ms="2917">
    <groups>
    </groups>
    <test started-at="2026-02-22T22:32:19 IST" name="API Tests" finished-at="2026-02-22T22:32:22 IST" duration-ms="2917">
      <class name="api.tests.TokenTest">
        <test-method is-config="true" signature="setup()[pri:0, instance:api.tests.TokenTest@481a996b]" started-at="2026-02-22T22:32:18 IST" name="setup" finished-at="2026-02-22T22:32:19 IST" duration-ms="1747" status="PASS">
          <reporter-output>
          </reporter-output>
        </test-method> <!-- setup -->
        <test-method signature="verifyTokenGeneration()[pri:0, instance:api.tests.TokenTest@481a996b]" started-at="2026-02-22T22:32:19 IST" name="verifyTokenGeneration" finished-at="2026-02-22T22:32:19 IST" duration-ms="2" status="PASS">
          <reporter-output>
          </reporter-output>
        </test-method> <!-- verifyTokenGeneration -->
      </class> <!-- api.tests.TokenTest -->
      <class name="api.tests.SecuredApiTest">
        <test-method signature="validateGetEventsAPI()[pri:0, instance:api.tests.SecuredApiTest@41fbdac4]" started-at="2026-02-22T22:32:19 IST" name="validateGetEventsAPI" finished-at="2026-02-22T22:32:22 IST" duration-ms="2910" status="PASS">
          <reporter-output>
          </reporter-output>
        </test-method> <!-- validateGetEventsAPI -->
      </class> <!-- api.tests.SecuredApiTest -->
    </test> <!-- API Tests -->
  </suite> <!-- API Automation Suite -->
</testng-results>
